******模拟网络环境******：模拟网络环境启动...
******模拟网络环境******：启动定时器, 当前时间 = 1.3425, 定时器报文序号 = 0, 定时器Timeout时间 = 21.3425
******模拟网络环境******：发送方的数据包将在10.3925到达对方, 数据包为-->seqnum = 0, acknum = -1,checksum = 29556,payload = AAAAAAAAAAAAAAAAAAAA

******模拟网络环境******：向上递交给应用层数据：AAAAAAAAAAAAAAAAAAAA

******模拟网络环境******：网络层数据包损坏,损坏的包为-->seqnum = -1, acknum = 0,checksum = 12851,payload = /....................
******模拟网络环境******：接收方的确认包将在13.1625到达对方, 确认包为-->seqnum = -1, acknum = 0,checksum = 12851,payload = /....................
******模拟网络环境******：关闭定时器, 当前时间 = 13.1625, 定时器报文序号 = 0
******模拟网络环境******：启动定时器, 当前时间 = 13.1625, 定时器报文序号 = 0, 定时器Timeout时间 = 33.1625
******模拟网络环境******：发送方的数据包将在22.9525到达对方, 数据包为-->seqnum = 0, acknum = -1,checksum = 29556,payload = AAAAAAAAAAAAAAAAAAAA

******模拟网络环境******：接收方的确认包将在26.1925到达对方, 确认包为-->seqnum = -1, acknum = 0,checksum = 12851,payload = .....................
******模拟网络环境******：关闭定时器, 当前时间 = 26.1925, 定时器报文序号 = 0
******模拟网络环境******：启动定时器, 当前时间 = 26.555, 定时器报文序号 = 1, 定时器Timeout时间 = 46.555
******模拟网络环境******：发送方的数据包将在30.945到达对方, 数据包为-->seqnum = 1, acknum = -1,checksum = 26985,payload = BBBBBBBBBBBBBBBBBBBB

******模拟网络环境******：向上递交给应用层数据：BBBBBBBBBBBBBBBBBBBB

******模拟网络环境******：接收方的确认包将在36.275到达对方, 确认包为-->seqnum = -1, acknum = 1,checksum = 12850,payload = .....................
******模拟网络环境******：关闭定时器, 当前时间 = 36.275, 定时器报文序号 = 1
******模拟网络环境******：启动定时器, 当前时间 = 36.425, 定时器报文序号 = 0, 定时器Timeout时间 = 56.425
******模拟网络环境******：发送方的数据包将在47.405到达对方, 数据包为-->seqnum = 0, acknum = -1,checksum = 24416,payload = CCCCCCCCCCCCCCCCCCCC

******模拟网络环境******：向上递交给应用层数据：CCCCCCCCCCCCCCCCCCCC

******模拟网络环境******：接收方的确认包将在52.845到达对方, 确认包为-->seqnum = -1, acknum = 0,checksum = 12851,payload = .....................
******模拟网络环境******：关闭定时器, 当前时间 = 52.845, 定时器报文序号 = 0
******模拟网络环境******：启动定时器, 当前时间 = 52.855, 定时器报文序号 = 1, 定时器Timeout时间 = 72.855
******模拟网络环境******：发送方发送的数据包丢失：seqnum = 1, acknum = -1,checksum = 21845,payload = DDDDDDDDDDDDDDDDDDDD

******模拟网络环境******：关闭定时器, 当前时间 = 72.855, 定时器报文序号 = 1
******模拟网络环境******：启动定时器, 当前时间 = 72.855, 定时器报文序号 = 1, 定时器Timeout时间 = 92.855
******模拟网络环境******：发送方的数据包将在80.185到达对方, 数据包为-->seqnum = 1, acknum = -1,checksum = 21845,payload = DDDDDDDDDDDDDDDDDDDD

******模拟网络环境******：向上递交给应用层数据：DDDDDDDDDDDDDDDDDDDD

******模拟网络环境******：接收方发送的确认包丢失：seqnum = -1, acknum = 1,checksum = 12850,payload = .....................
******模拟网络环境******：关闭定时器, 当前时间 = 92.855, 定时器报文序号 = 1
******模拟网络环境******：启动定时器, 当前时间 = 92.855, 定时器报文序号 = 1, 定时器Timeout时间 = 112.855
******模拟网络环境******：发送方的数据包将在95.055到达对方, 数据包为-->seqnum = 1, acknum = -1,checksum = 21845,payload = DDDDDDDDDDDDDDDDDDDD

******模拟网络环境******：接收方的确认包将在102.695到达对方, 确认包为-->seqnum = -1, acknum = 1,checksum = 12850,payload = .....................
******模拟网络环境******：关闭定时器, 当前时间 = 102.695, 定时器报文序号 = 1
******模拟网络环境******：启动定时器, 当前时间 = 103.362, 定时器报文序号 = 0, 定时器Timeout时间 = 123.362
******模拟网络环境******：发送方的数据包将在111.593到达对方, 数据包为-->seqnum = 0, acknum = -1,checksum = 19276,payload = EEEEEEEEEEEEEEEEEEEE

******模拟网络环境******：向上递交给应用层数据：EEEEEEEEEEEEEEEEEEEE

******模拟网络环境******：接收方的确认包将在113.392到达对方, 确认包为-->seqnum = -1, acknum = 0,checksum = 12851,payload = .....................
******模拟网络环境******：关闭定时器, 当前时间 = 113.392, 定时器报文序号 = 0
******模拟网络环境******：启动定时器, 当前时间 = 113.71, 定时器报文序号 = 1, 定时器Timeout时间 = 133.71
******模拟网络环境******：发送方的数据包将在120.13到达对方, 数据包为-->seqnum = 1, acknum = -1,checksum = 16705,payload = FFFFFFFFFFFFFFFFFFFF

******模拟网络环境******：向上递交给应用层数据：FFFFFFFFFFFFFFFFFFFF

******模拟网络环境******：网络层数据包损坏,损坏的包为-->seqnum = -1, acknum = 1,checksum = 12850,payload = /....................
******模拟网络环境******：接收方的确认包将在128.52到达对方, 确认包为-->seqnum = -1, acknum = 1,checksum = 12850,payload = /....................
******模拟网络环境******：关闭定时器, 当前时间 = 128.52, 定时器报文序号 = 1
******模拟网络环境******：启动定时器, 当前时间 = 128.52, 定时器报文序号 = 1, 定时器Timeout时间 = 148.52
******模拟网络环境******：发送方的数据包将在137.52到达对方, 数据包为-->seqnum = 1, acknum = -1,checksum = 16705,payload = FFFFFFFFFFFFFFFFFFFF

******模拟网络环境******：接收方的确认包将在144.61到达对方, 确认包为-->seqnum = -1, acknum = 1,checksum = 12850,payload = .....................
******模拟网络环境******：关闭定时器, 当前时间 = 144.61, 定时器报文序号 = 1
******模拟网络环境******：启动定时器, 当前时间 = 145, 定时器报文序号 = 0, 定时器Timeout时间 = 165
******模拟网络环境******：发送方的数据包将在150.62到达对方, 数据包为-->seqnum = 0, acknum = -1,checksum = 14136,payload = GGGGGGGGGGGGGGGGGGGG

******模拟网络环境******：向上递交给应用层数据：GGGGGGGGGGGGGGGGGGGG

******模拟网络环境******：接收方的确认包将在157.36到达对方, 确认包为-->seqnum = -1, acknum = 0,checksum = 12851,payload = .....................
******模拟网络环境******：关闭定时器, 当前时间 = 157.36, 定时器报文序号 = 0
******模拟网络环境******：启动定时器, 当前时间 = 157.757, 定时器报文序号 = 1, 定时器Timeout时间 = 177.757
******模拟网络环境******：发送方发送的数据包丢失：seqnum = 1, acknum = -1,checksum = 11565,payload = HHHHHHHHHHHHHHHHHHHH

******模拟网络环境******：关闭定时器, 当前时间 = 177.757, 定时器报文序号 = 1
******模拟网络环境******：启动定时器, 当前时间 = 177.757, 定时器报文序号 = 1, 定时器Timeout时间 = 197.757
******模拟网络环境******：发送方的数据包将在182.137到达对方, 数据包为-->seqnum = 1, acknum = -1,checksum = 11565,payload = HHHHHHHHHHHHHHHHHHHH

******模拟网络环境******：向上递交给应用层数据：HHHHHHHHHHHHHHHHHHHH

******模拟网络环境******：接收方的确认包将在188.537到达对方, 确认包为-->seqnum = -1, acknum = 1,checksum = 12850,payload = .....................
******模拟网络环境******：关闭定时器, 当前时间 = 188.537, 定时器报文序号 = 1
******模拟网络环境******：启动定时器, 当前时间 = 188.66, 定时器报文序号 = 0, 定时器Timeout时间 = 208.66
******模拟网络环境******：发送方的数据包将在196.09到达对方, 数据包为-->seqnum = 0, acknum = -1,checksum = 8996,payload = IIIIIIIIIIIIIIIIIIII

******模拟网络环境******：向上递交给应用层数据：IIIIIIIIIIIIIIIIIIII

******模拟网络环境******：网络层数据包损坏,损坏的包为-->seqnum = -1, acknum = 0,checksum = 12851,payload = /....................
******模拟网络环境******：接收方的确认包将在198.65到达对方, 确认包为-->seqnum = -1, acknum = 0,checksum = 12851,payload = /....................
******模拟网络环境******：关闭定时器, 当前时间 = 198.65, 定时器报文序号 = 0
******模拟网络环境******：启动定时器, 当前时间 = 198.65, 定时器报文序号 = 0, 定时器Timeout时间 = 218.65
******模拟网络环境******：发送方的数据包将在202.23到达对方, 数据包为-->seqnum = 0, acknum = -1,checksum = 8996,payload = IIIIIIIIIIIIIIIIIIII

******模拟网络环境******：接收方的确认包将在212.17到达对方, 确认包为-->seqnum = -1, acknum = 0,checksum = 12851,payload = .....................
******模拟网络环境******：关闭定时器, 当前时间 = 212.17, 定时器报文序号 = 0
******模拟网络环境******：启动定时器, 当前时间 = 213.003, 定时器报文序号 = 1, 定时器Timeout时间 = 233.003
******模拟网络环境******：发送方的数据包将在215.753到达对方, 数据包为-->seqnum = 1, acknum = -1,checksum = 6425,payload = JJJJJJJJJJJJJJJJJJJJ

******模拟网络环境******：向上递交给应用层数据：JJJJJJJJJJJJJJJJJJJJ

******模拟网络环境******：接收方的确认包将在219.823到达对方, 确认包为-->seqnum = -1, acknum = 1,checksum = 12850,payload = .....................
******模拟网络环境******：关闭定时器, 当前时间 = 219.823, 定时器报文序号 = 1
******模拟网络环境******：启动定时器, 当前时间 = 220.15, 定时器报文序号 = 0, 定时器Timeout时间 = 240.15
******模拟网络环境******：发送方的数据包将在230.76到达对方, 数据包为-->seqnum = 0, acknum = -1,checksum = 3856,payload = KKKKKKKKKKKKKKKKKKKK

******模拟网络环境******：向上递交给应用层数据：KKKKKKKKKKKKKKKKKKKK

******模拟网络环境******：接收方的确认包将在234.08到达对方, 确认包为-->seqnum = -1, acknum = 0,checksum = 12851,payload = .....................
******模拟网络环境******：关闭定时器, 当前时间 = 234.08, 定时器报文序号 = 0
******模拟网络环境******：启动定时器, 当前时间 = 234.397, 定时器报文序号 = 1, 定时器Timeout时间 = 254.397
******模拟网络环境******：网络层数据包损坏,损坏的包为-->seqnum = 1, acknum = -1,checksum = 1285,payload = MLLLLLLLLLLLLLLLLLLL

******模拟网络环境******：发送方的数据包将在242.587到达对方, 数据包为-->seqnum = 1, acknum = -1,checksum = 1285,payload = MLLLLLLLLLLLLLLLLLLL

******模拟网络环境******：接收方的确认包将在250.367到达对方, 确认包为-->seqnum = -1, acknum = 0,checksum = 12851,payload = .....................
******模拟网络环境******：关闭定时器, 当前时间 = 250.367, 定时器报文序号 = 1
******模拟网络环境******：启动定时器, 当前时间 = 250.367, 定时器报文序号 = 1, 定时器Timeout时间 = 270.367
******模拟网络环境******：发送方的数据包将在257.757到达对方, 数据包为-->seqnum = 1, acknum = -1,checksum = 1285,payload = LLLLLLLLLLLLLLLLLLLL

******模拟网络环境******：向上递交给应用层数据：LLLLLLLLLLLLLLLLLLLL

******模拟网络环境******：接收方的确认包将在265.287到达对方, 确认包为-->seqnum = -1, acknum = 1,checksum = 12850,payload = .....................
******模拟网络环境******：关闭定时器, 当前时间 = 265.287, 定时器报文序号 = 1
******模拟网络环境******：启动定时器, 当前时间 = 265.84, 定时器报文序号 = 0, 定时器Timeout时间 = 285.84
******模拟网络环境******：发送方发送的数据包丢失：seqnum = 0, acknum = -1,checksum = 64251,payload = MMMMMMMMMMMMMMMMMMMM

******模拟网络环境******：关闭定时器, 当前时间 = 285.84, 定时器报文序号 = 0
******模拟网络环境******：启动定时器, 当前时间 = 285.84, 定时器报文序号 = 0, 定时器Timeout时间 = 305.84
******模拟网络环境******：发送方的数据包将在288.06到达对方, 数据包为-->seqnum = 0, acknum = -1,checksum = 64251,payload = MMMMMMMMMMMMMMMMMMMM

******模拟网络环境******：向上递交给应用层数据：MMMMMMMMMMMMMMMMMMMM

******模拟网络环境******：接收方发送的确认包丢失：seqnum = -1, acknum = 0,checksum = 12851,payload = .....................
******模拟网络环境******：关闭定时器, 当前时间 = 305.84, 定时器报文序号 = 0
******模拟网络环境******：启动定时器, 当前时间 = 305.84, 定时器报文序号 = 0, 定时器Timeout时间 = 325.84
******模拟网络环境******：发送方的数据包将在307.72到达对方, 数据包为-->seqnum = 0, acknum = -1,checksum = 64251,payload = MMMMMMMMMMMMMMMMMMMM

******模拟网络环境******：接收方的确认包将在314.08到达对方, 确认包为-->seqnum = -1, acknum = 0,checksum = 12851,payload = .....................
******模拟网络环境******：关闭定时器, 当前时间 = 314.08, 定时器报文序号 = 0
******模拟网络环境******：启动定时器, 当前时间 = 314.64, 定时器报文序号 = 1, 定时器Timeout时间 = 334.64
******模拟网络环境******：发送方的数据包将在322.86到达对方, 数据包为-->seqnum = 1, acknum = -1,checksum = 61680,payload = NNNNNNNNNNNNNNNNNNNN

******模拟网络环境******：向上递交给应用层数据：NNNNNNNNNNNNNNNNNNNN

******模拟网络环境******：网络层数据包损坏,损坏的包为-->seqnum = -999999, acknum = 1,checksum = 12850,payload = .....................
******模拟网络环境******：接收方的确认包将在329.31到达对方, 确认包为-->seqnum = -999999, acknum = 1,checksum = 12850,payload = .....................
******模拟网络环境******：关闭定时器, 当前时间 = 329.31, 定时器报文序号 = 1
******模拟网络环境******：启动定时器, 当前时间 = 329.31, 定时器报文序号 = 1, 定时器Timeout时间 = 349.31
******模拟网络环境******：发送方的数据包将在333.45到达对方, 数据包为-->seqnum = 1, acknum = -1,checksum = 61680,payload = NNNNNNNNNNNNNNNNNNNN

******模拟网络环境******：接收方的确认包将在340.83到达对方, 确认包为-->seqnum = -1, acknum = 1,checksum = 12850,payload = .....................
******模拟网络环境******：关闭定时器, 当前时间 = 340.83, 定时器报文序号 = 1
******模拟网络环境******：启动定时器, 当前时间 = 340.955, 定时器报文序号 = 0, 定时器Timeout时间 = 360.955
******模拟网络环境******：发送方的数据包将在344.335到达对方, 数据包为-->seqnum = 0, acknum = -1,checksum = 59111,payload = OOOOOOOOOOOOOOOOOOOO

******模拟网络环境******：向上递交给应用层数据：OOOOOOOOOOOOOOOOOOOO

******模拟网络环境******：接收方的确认包将在346.795到达对方, 确认包为-->seqnum = -1, acknum = 0,checksum = 12851,payload = .....................
******模拟网络环境******：关闭定时器, 当前时间 = 346.795, 定时器报文序号 = 0
******模拟网络环境******：启动定时器, 当前时间 = 347.415, 定时器报文序号 = 1, 定时器Timeout时间 = 367.415
******模拟网络环境******：发送方的数据包将在352.855到达对方, 数据包为-->seqnum = 1, acknum = -1,checksum = 56540,payload = PPPPPPPPPPPPPPPPPPPP

******模拟网络环境******：向上递交给应用层数据：PPPPPPPPPPPPPPPPPPPP

******模拟网络环境******：接收方的确认包将在359.625到达对方, 确认包为-->seqnum = -1, acknum = 1,checksum = 12850,payload = .....................
******模拟网络环境******：关闭定时器, 当前时间 = 359.625, 定时器报文序号 = 1
******模拟网络环境******：启动定时器, 当前时间 = 360.042, 定时器报文序号 = 0, 定时器Timeout时间 = 380.042
******模拟网络环境******：发送方的数据包将在367.772到达对方, 数据包为-->seqnum = 0, acknum = -1,checksum = 53971,payload = QQQQQQQQQQQQQQQQQQQQ

******模拟网络环境******：向上递交给应用层数据：QQQQQQQQQQQQQQQQQQQQ

******模拟网络环境******：接收方的确认包将在374.652到达对方, 确认包为-->seqnum = -1, acknum = 0,checksum = 12851,payload = .....................
******模拟网络环境******：关闭定时器, 当前时间 = 374.652, 定时器报文序号 = 0
******模拟网络环境******：启动定时器, 当前时间 = 374.835, 定时器报文序号 = 1, 定时器Timeout时间 = 394.835
******模拟网络环境******：发送方的数据包将在377.265到达对方, 数据包为-->seqnum = 1, acknum = -1,checksum = 51400,payload = RRRRRRRRRRRRRRRRRRRR

******模拟网络环境******：向上递交给应用层数据：RRRRRRRRRRRRRRRRRRRR

******模拟网络环境******：接收方的确认包将在381.775到达对方, 确认包为-->seqnum = -1, acknum = 1,checksum = 12850,payload = .....................
******模拟网络环境******：关闭定时器, 当前时间 = 381.775, 定时器报文序号 = 1
******模拟网络环境******：启动定时器, 当前时间 = 382.505, 定时器报文序号 = 0, 定时器Timeout时间 = 402.505
******模拟网络环境******：发送方的数据包将在385.665到达对方, 数据包为-->seqnum = 0, acknum = -1,checksum = 48831,payload = SSSSSSSSSSSSSSSSSSSS

******模拟网络环境******：向上递交给应用层数据：SSSSSSSSSSSSSSSSSSSS

******模拟网络环境******：接收方的确认包将在390.255到达对方, 确认包为-->seqnum = -1, acknum = 0,checksum = 12851,payload = .....................
******模拟网络环境******：关闭定时器, 当前时间 = 390.255, 定时器报文序号 = 0
******模拟网络环境******：启动定时器, 当前时间 = 390.478, 定时器报文序号 = 1, 定时器Timeout时间 = 410.478
******模拟网络环境******：发送方的数据包将在398.498到达对方, 数据包为-->seqnum = 1, acknum = -1,checksum = 46260,payload = TTTTTTTTTTTTTTTTTTTT

******模拟网络环境******：向上递交给应用层数据：TTTTTTTTTTTTTTTTTTTT

******模拟网络环境******：接收方的确认包将在405.058到达对方, 确认包为-->seqnum = -1, acknum = 1,checksum = 12850,payload = .....................
******模拟网络环境******：关闭定时器, 当前时间 = 405.058, 定时器报文序号 = 1
******模拟网络环境******：启动定时器, 当前时间 = 405.127, 定时器报文序号 = 0, 定时器Timeout时间 = 425.127
******模拟网络环境******：发送方的数据包将在411.418到达对方, 数据包为-->seqnum = 0, acknum = -1,checksum = 43691,payload = UUUUUUUUUUUUUUUUUUUU

******模拟网络环境******：向上递交给应用层数据：UUUUUUUUUUUUUUUUUUUU

******模拟网络环境******：接收方的确认包将在422.038到达对方, 确认包为-->seqnum = -1, acknum = 0,checksum = 12851,payload = .....................
******模拟网络环境******：关闭定时器, 当前时间 = 422.038, 定时器报文序号 = 0
******模拟网络环境******：启动定时器, 当前时间 = 422.16, 定时器报文序号 = 1, 定时器Timeout时间 = 442.16
******模拟网络环境******：发送方的数据包将在432.16到达对方, 数据包为-->seqnum = 1, acknum = -1,checksum = 41120,payload = VVVVVVVVVVVVVVVVVVVV

******模拟网络环境******：向上递交给应用层数据：VVVVVVVVVVVVVVVVVVVV

******模拟网络环境******：网络层数据包损坏,损坏的包为-->seqnum = -1, acknum = 1,checksum = 12850,payload = /....................
******模拟网络环境******：接收方的确认包将在442.64到达对方, 确认包为-->seqnum = -1, acknum = 1,checksum = 12850,payload = /....................
******模拟网络环境******：关闭定时器, 当前时间 = 442.16, 定时器报文序号 = 1
******模拟网络环境******：启动定时器, 当前时间 = 442.16, 定时器报文序号 = 1, 定时器Timeout时间 = 462.16
******模拟网络环境******：发送方的数据包将在444.98到达对方, 数据包为-->seqnum = 1, acknum = -1,checksum = 41120,payload = VVVVVVVVVVVVVVVVVVVV

******模拟网络环境******：关闭定时器, 当前时间 = 442.64, 定时器报文序号 = 1
******模拟网络环境******：启动定时器, 当前时间 = 442.64, 定时器报文序号 = 1, 定时器Timeout时间 = 462.64
******模拟网络环境******：发送方的数据包将在453.41到达对方, 数据包为-->seqnum = 1, acknum = -1,checksum = 41120,payload = VVVVVVVVVVVVVVVVVVVV

******模拟网络环境******：网络层数据包损坏,损坏的包为-->seqnum = -1, acknum = 1,checksum = 12850,payload = /....................
******模拟网络环境******：接收方的确认包将在450.11到达对方, 确认包为-->seqnum = -1, acknum = 1,checksum = 12850,payload = /....................
******模拟网络环境******：关闭定时器, 当前时间 = 450.11, 定时器报文序号 = 1
******模拟网络环境******：启动定时器, 当前时间 = 450.11, 定时器报文序号 = 1, 定时器Timeout时间 = 470.11
******模拟网络环境******：发送方的数据包将在460.49到达对方, 数据包为-->seqnum = 1, acknum = -1,checksum = 41120,payload = VVVVVVVVVVVVVVVVVVVV

******模拟网络环境******：接收方的确认包将在462.01到达对方, 确认包为-->seqnum = -1, acknum = 1,checksum = 12850,payload = .....................
******模拟网络环境******：接收方的确认包将在472.49到达对方, 确认包为-->seqnum = -1, acknum = 1,checksum = 12850,payload = .....................
******模拟网络环境******：关闭定时器, 当前时间 = 462.01, 定时器报文序号 = 1
******模拟网络环境******：启动定时器, 当前时间 = 472.77, 定时器报文序号 = 0, 定时器Timeout时间 = 492.77
******模拟网络环境******：发送方的数据包将在480.45到达对方, 数据包为-->seqnum = 0, acknum = -1,checksum = 38551,payload = WWWWWWWWWWWWWWWWWWWW

******模拟网络环境******：向上递交给应用层数据：WWWWWWWWWWWWWWWWWWWW

******模拟网络环境******：接收方的确认包将在489.53到达对方, 确认包为-->seqnum = -1, acknum = 0,checksum = 12851,payload = .....................
******模拟网络环境******：关闭定时器, 当前时间 = 489.53, 定时器报文序号 = 0
******模拟网络环境******：启动定时器, 当前时间 = 489.625, 定时器报文序号 = 1, 定时器Timeout时间 = 509.625
******模拟网络环境******：网络层数据包损坏,损坏的包为-->seqnum = 1, acknum = -1,checksum = 35980,payload = YXXXXXXXXXXXXXXXXXXX

******模拟网络环境******：发送方的数据包将在500.495到达对方, 数据包为-->seqnum = 1, acknum = -1,checksum = 35980,payload = YXXXXXXXXXXXXXXXXXXX

******模拟网络环境******：接收方的确认包将在511.095到达对方, 确认包为-->seqnum = -1, acknum = 0,checksum = 12851,payload = .....................
******模拟网络环境******：关闭定时器, 当前时间 = 509.625, 定时器报文序号 = 1
******模拟网络环境******：启动定时器, 当前时间 = 509.625, 定时器报文序号 = 1, 定时器Timeout时间 = 529.625
******模拟网络环境******：发送方的数据包将在511.115到达对方, 数据包为-->seqnum = 1, acknum = -1,checksum = 35980,payload = XXXXXXXXXXXXXXXXXXXX

******模拟网络环境******：关闭定时器, 当前时间 = 511.095, 定时器报文序号 = 1
******模拟网络环境******：启动定时器, 当前时间 = 511.095, 定时器报文序号 = 1, 定时器Timeout时间 = 531.095
******模拟网络环境******：发送方的数据包将在518.025到达对方, 数据包为-->seqnum = 1, acknum = -1,checksum = 35980,payload = XXXXXXXXXXXXXXXXXXXX

******模拟网络环境******：向上递交给应用层数据：XXXXXXXXXXXXXXXXXXXX

******模拟网络环境******：接收方的确认包将在516.085到达对方, 确认包为-->seqnum = -1, acknum = 1,checksum = 12850,payload = .....................
******模拟网络环境******：关闭定时器, 当前时间 = 516.085, 定时器报文序号 = 1
******模拟网络环境******：接收方的确认包将在527.665到达对方, 确认包为-->seqnum = -1, acknum = 1,checksum = 12850,payload = .....................
******模拟网络环境******：启动定时器, 当前时间 = 527.678, 定时器报文序号 = 0, 定时器Timeout时间 = 547.678
******模拟网络环境******：发送方的数据包将在533.217到达对方, 数据包为-->seqnum = 0, acknum = -1,checksum = 33411,payload = YYYYYYYYYYYYYYYYYYYY

******模拟网络环境******：向上递交给应用层数据：YYYYYYYYYYYYYYYYYYYY

******模拟网络环境******：网络层数据包损坏,损坏的包为-->seqnum = -1, acknum = 0,checksum = 12851,payload = /....................
******模拟网络环境******：接收方的确认包将在538.337到达对方, 确认包为-->seqnum = -1, acknum = 0,checksum = 12851,payload = /....................
******模拟网络环境******：关闭定时器, 当前时间 = 538.337, 定时器报文序号 = 0
******模拟网络环境******：启动定时器, 当前时间 = 538.337, 定时器报文序号 = 0, 定时器Timeout时间 = 558.337
******模拟网络环境******：发送方的数据包将在543.918到达对方, 数据包为-->seqnum = 0, acknum = -1,checksum = 33411,payload = YYYYYYYYYYYYYYYYYYYY

******模拟网络环境******：接收方的确认包将在548.408到达对方, 确认包为-->seqnum = -1, acknum = 0,checksum = 12851,payload = .....................
******模拟网络环境******：关闭定时器, 当前时间 = 548.408, 定时器报文序号 = 0
******模拟网络环境******：启动定时器, 当前时间 = 548.888, 定时器报文序号 = 1, 定时器Timeout时间 = 568.888
******模拟网络环境******：发送方的数据包将在556.128到达对方, 数据包为-->seqnum = 1, acknum = -1,checksum = 30840,payload = ZZZZZZZZZZZZZZZZZZZZ

******模拟网络环境******：向上递交给应用层数据：ZZZZZZZZZZZZZZZZZZZZ

******模拟网络环境******：接收方的确认包将在561.588到达对方, 确认包为-->seqnum = -1, acknum = 1,checksum = 12850,payload = .....................
******模拟网络环境******：关闭定时器, 当前时间 = 561.588, 定时器报文序号 = 1
******模拟网络环境******：启动定时器, 当前时间 = 562.893, 定时器报文序号 = 0, 定时器Timeout时间 = 582.893
******模拟网络环境******：网络层数据包损坏,损坏的包为-->seqnum = 0, acknum = -1,checksum = 29556,payload = BAAAAAAAAAAAAAAAAAAA

******模拟网络环境******：发送方的数据包将在569.023到达对方, 数据包为-->seqnum = 0, acknum = -1,checksum = 29556,payload = BAAAAAAAAAAAAAAAAAAA

******模拟网络环境******：接收方的确认包将在575.572到达对方, 确认包为-->seqnum = -1, acknum = 1,checksum = 12850,payload = .....................
******模拟网络环境******：关闭定时器, 当前时间 = 575.572, 定时器报文序号 = 0
******模拟网络环境******：启动定时器, 当前时间 = 575.572, 定时器报文序号 = 0, 定时器Timeout时间 = 595.572
******模拟网络环境******：发送方的数据包将在584.313到达对方, 数据包为-->seqnum = 0, acknum = -1,checksum = 29556,payload = AAAAAAAAAAAAAAAAAAAA

******模拟网络环境******：向上递交给应用层数据：AAAAAAAAAAAAAAAAAAAA

******模拟网络环境******：接收方的确认包将在589.482到达对方, 确认包为-->seqnum = -1, acknum = 0,checksum = 12851,payload = .....................
******模拟网络环境******：关闭定时器, 当前时间 = 589.482, 定时器报文序号 = 0
******模拟网络环境******：启动定时器, 当前时间 = 589.54, 定时器报文序号 = 1, 定时器Timeout时间 = 609.54
******模拟网络环境******：网络层数据包损坏,损坏的包为-->seqnum = -999999, acknum = -1,checksum = 26985,payload = BBBBBBBBBBBBBBBBBBBB

******模拟网络环境******：发送方的数据包将在598.2到达对方, 数据包为-->seqnum = -999999, acknum = -1,checksum = 26985,payload = BBBBBBBBBBBBBBBBBBBB

******模拟网络环境******：接收方发送的确认包丢失：seqnum = -1, acknum = 0,checksum = 12851,payload = .....................
******模拟网络环境******：关闭定时器, 当前时间 = 609.54, 定时器报文序号 = 1
******模拟网络环境******：启动定时器, 当前时间 = 609.54, 定时器报文序号 = 1, 定时器Timeout时间 = 629.54
******模拟网络环境******：发送方发送的数据包丢失：seqnum = 1, acknum = -1,checksum = 26985,payload = BBBBBBBBBBBBBBBBBBBB

******模拟网络环境******：关闭定时器, 当前时间 = 629.54, 定时器报文序号 = 1
******模拟网络环境******：启动定时器, 当前时间 = 629.54, 定时器报文序号 = 1, 定时器Timeout时间 = 649.54
******模拟网络环境******：发送方的数据包将在632.8到达对方, 数据包为-->seqnum = 1, acknum = -1,checksum = 26985,payload = BBBBBBBBBBBBBBBBBBBB

******模拟网络环境******：向上递交给应用层数据：BBBBBBBBBBBBBBBBBBBB

******模拟网络环境******：接收方的确认包将在638.79到达对方, 确认包为-->seqnum = -1, acknum = 1,checksum = 12850,payload = .....................
******模拟网络环境******：关闭定时器, 当前时间 = 638.79, 定时器报文序号 = 1
******模拟网络环境******：启动定时器, 当前时间 = 638.907, 定时器报文序号 = 0, 定时器Timeout时间 = 658.907
******模拟网络环境******：发送方的数据包将在643.857到达对方, 数据包为-->seqnum = 0, acknum = -1,checksum = 24416,payload = CCCCCCCCCCCCCCCCCCCC

******模拟网络环境******：向上递交给应用层数据：CCCCCCCCCCCCCCCCCCCC

******模拟网络环境******：接收方发送的确认包丢失：seqnum = -1, acknum = 0,checksum = 12851,payload = .....................
******模拟网络环境******：关闭定时器, 当前时间 = 658.907, 定时器报文序号 = 0
******模拟网络环境******：启动定时器, 当前时间 = 658.907, 定时器报文序号 = 0, 定时器Timeout时间 = 678.907
******模拟网络环境******：发送方的数据包将在663.867到达对方, 数据包为-->seqnum = 0, acknum = -1,checksum = 24416,payload = CCCCCCCCCCCCCCCCCCCC

******模拟网络环境******：接收方的确认包将在674.558到达对方, 确认包为-->seqnum = -1, acknum = 0,checksum = 12851,payload = .....................
******模拟网络环境******：关闭定时器, 当前时间 = 674.558, 定时器报文序号 = 0
******模拟网络环境******：启动定时器, 当前时间 = 674.62, 定时器报文序号 = 1, 定时器Timeout时间 = 694.62
******模拟网络环境******：发送方的数据包将在684.31到达对方, 数据包为-->seqnum = 1, acknum = -1,checksum = 21845,payload = DDDDDDDDDDDDDDDDDDDD

******模拟网络环境******：向上递交给应用层数据：DDDDDDDDDDDDDDDDDDDD

******模拟网络环境******：接收方的确认包将在685.66到达对方, 确认包为-->seqnum = -1, acknum = 1,checksum = 12850,payload = .....................
******模拟网络环境******：关闭定时器, 当前时间 = 685.66, 定时器报文序号 = 1
******模拟网络环境******：启动定时器, 当前时间 = 686.115, 定时器报文序号 = 0, 定时器Timeout时间 = 706.115
******模拟网络环境******：发送方的数据包将在694.445到达对方, 数据包为-->seqnum = 0, acknum = -1,checksum = 19276,payload = EEEEEEEEEEEEEEEEEEEE

******模拟网络环境******：向上递交给应用层数据：EEEEEEEEEEEEEEEEEEEE

******模拟网络环境******：接收方的确认包将在704.115到达对方, 确认包为-->seqnum = -1, acknum = 0,checksum = 12851,payload = .....................
******模拟网络环境******：关闭定时器, 当前时间 = 704.115, 定时器报文序号 = 0
******模拟网络环境******：启动定时器, 当前时间 = 704.6, 定时器报文序号 = 1, 定时器Timeout时间 = 724.6
******模拟网络环境******：发送方的数据包将在708.46到达对方, 数据包为-->seqnum = 1, acknum = -1,checksum = 16705,payload = FFFFFFFFFFFFFFFFFFFF

******模拟网络环境******：向上递交给应用层数据：FFFFFFFFFFFFFFFFFFFF

******模拟网络环境******：接收方的确认包将在713.56到达对方, 确认包为-->seqnum = -1, acknum = 1,checksum = 12850,payload = .....................
******模拟网络环境******：关闭定时器, 当前时间 = 713.56, 定时器报文序号 = 1
******模拟网络环境******：启动定时器, 当前时间 = 713.81, 定时器报文序号 = 0, 定时器Timeout时间 = 733.81
******模拟网络环境******：发送方的数据包将在724.45到达对方, 数据包为-->seqnum = 0, acknum = -1,checksum = 14136,payload = GGGGGGGGGGGGGGGGGGGG

******模拟网络环境******：向上递交给应用层数据：GGGGGGGGGGGGGGGGGGGG

******模拟网络环境******：接收方的确认包将在734.95到达对方, 确认包为-->seqnum = -1, acknum = 0,checksum = 12851,payload = .....................
******模拟网络环境******：关闭定时器, 当前时间 = 733.81, 定时器报文序号 = 0
******模拟网络环境******：启动定时器, 当前时间 = 733.81, 定时器报文序号 = 0, 定时器Timeout时间 = 753.81
******模拟网络环境******：发送方的数据包将在740.05到达对方, 数据包为-->seqnum = 0, acknum = -1,checksum = 14136,payload = GGGGGGGGGGGGGGGGGGGG

******模拟网络环境******：关闭定时器, 当前时间 = 734.95, 定时器报文序号 = 0
******模拟网络环境******：接收方的确认包将在744.76到达对方, 确认包为-->seqnum = -1, acknum = 0,checksum = 12851,payload = .....................
******模拟网络环境******：启动定时器, 当前时间 = 744.968, 定时器报文序号 = 1, 定时器Timeout时间 = 764.968
******模拟网络环境******：发送方的数据包将在752.488到达对方, 数据包为-->seqnum = 1, acknum = -1,checksum = 11565,payload = HHHHHHHHHHHHHHHHHHHH

******模拟网络环境******：向上递交给应用层数据：HHHHHHHHHHHHHHHHHHHH

******模拟网络环境******：接收方发送的确认包丢失：seqnum = -1, acknum = 1,checksum = 12850,payload = .....................
******模拟网络环境******：关闭定时器, 当前时间 = 764.968, 定时器报文序号 = 1
******模拟网络环境******：启动定时器, 当前时间 = 764.968, 定时器报文序号 = 1, 定时器Timeout时间 = 784.968
******模拟网络环境******：发送方的数据包将在767.168到达对方, 数据包为-->seqnum = 1, acknum = -1,checksum = 11565,payload = HHHHHHHHHHHHHHHHHHHH

******模拟网络环境******：网络层数据包损坏,损坏的包为-->seqnum = -1, acknum = 1,checksum = 12850,payload = /....................
******模拟网络环境******：接收方的确认包将在776.508到达对方, 确认包为-->seqnum = -1, acknum = 1,checksum = 12850,payload = /....................
******模拟网络环境******：关闭定时器, 当前时间 = 776.508, 定时器报文序号 = 1
******模拟网络环境******：启动定时器, 当前时间 = 776.508, 定时器报文序号 = 1, 定时器Timeout时间 = 796.508
******模拟网络环境******：发送方的数据包将在781.188到达对方, 数据包为-->seqnum = 1, acknum = -1,checksum = 11565,payload = HHHHHHHHHHHHHHHHHHHH

******模拟网络环境******：接收方的确认包将在787.268到达对方, 确认包为-->seqnum = -1, acknum = 1,checksum = 12850,payload = .....................
******模拟网络环境******：关闭定时器, 当前时间 = 787.268, 定时器报文序号 = 1
******模拟网络环境******：启动定时器, 当前时间 = 787.405, 定时器报文序号 = 0, 定时器Timeout时间 = 807.405
******模拟网络环境******：发送方的数据包将在788.925到达对方, 数据包为-->seqnum = 0, acknum = -1,checksum = 8996,payload = IIIIIIIIIIIIIIIIIIII

******模拟网络环境******：向上递交给应用层数据：IIIIIIIIIIIIIIIIIIII

******模拟网络环境******：接收方的确认包将在797.305到达对方, 确认包为-->seqnum = -1, acknum = 0,checksum = 12851,payload = .....................
******模拟网络环境******：关闭定时器, 当前时间 = 797.305, 定时器报文序号 = 0
******模拟网络环境******：启动定时器, 当前时间 = 797.845, 定时器报文序号 = 1, 定时器Timeout时间 = 817.845
******模拟网络环境******：发送方发送的数据包丢失：seqnum = 1, acknum = -1,checksum = 6425,payload = JJJJJJJJJJJJJJJJJJJJ

******模拟网络环境******：关闭定时器, 当前时间 = 817.845, 定时器报文序号 = 1
******模拟网络环境******：启动定时器, 当前时间 = 817.845, 定时器报文序号 = 1, 定时器Timeout时间 = 837.845
******模拟网络环境******：发送方的数据包将在819.805到达对方, 数据包为-->seqnum = 1, acknum = -1,checksum = 6425,payload = JJJJJJJJJJJJJJJJJJJJ

******模拟网络环境******：向上递交给应用层数据：JJJJJJJJJJJJJJJJJJJJ

******模拟网络环境******：接收方的确认包将在825.775到达对方, 确认包为-->seqnum = -1, acknum = 1,checksum = 12850,payload = .....................
******模拟网络环境******：关闭定时器, 当前时间 = 825.775, 定时器报文序号 = 1
******模拟网络环境******：启动定时器, 当前时间 = 826.03, 定时器报文序号 = 0, 定时器Timeout时间 = 846.03
******模拟网络环境******：网络层数据包损坏,损坏的包为-->seqnum = 0, acknum = -1,checksum = 3856,payload = LKKKKKKKKKKKKKKKKKKK

******模拟网络环境******：发送方的数据包将在835.54到达对方, 数据包为-->seqnum = 0, acknum = -1,checksum = 3856,payload = LKKKKKKKKKKKKKKKKKKK

******模拟网络环境******：接收方的确认包将在845.12到达对方, 确认包为-->seqnum = -1, acknum = 1,checksum = 12850,payload = .....................
******模拟网络环境******：关闭定时器, 当前时间 = 845.12, 定时器报文序号 = 0
******模拟网络环境******：启动定时器, 当前时间 = 845.12, 定时器报文序号 = 0, 定时器Timeout时间 = 865.12
******模拟网络环境******：发送方的数据包将在854.83到达对方, 数据包为-->seqnum = 0, acknum = -1,checksum = 3856,payload = KKKKKKKKKKKKKKKKKKKK

******模拟网络环境******：向上递交给应用层数据：KKKKKKKKKKKKKKKKKKKK

******模拟网络环境******：接收方的确认包将在860.21到达对方, 确认包为-->seqnum = -1, acknum = 0,checksum = 12851,payload = .....................
******模拟网络环境******：关闭定时器, 当前时间 = 860.21, 定时器报文序号 = 0
******模拟网络环境******：启动定时器, 当前时间 = 860.663, 定时器报文序号 = 1, 定时器Timeout时间 = 880.663
******模拟网络环境******：发送方的数据包将在865.813到达对方, 数据包为-->seqnum = 1, acknum = -1,checksum = 1285,payload = LLLLLLLLLLLLLLLLLLLL

******模拟网络环境******：向上递交给应用层数据：LLLLLLLLLLLLLLLLLLLL

******模拟网络环境******：接收方的确认包将在871.213到达对方, 确认包为-->seqnum = -1, acknum = 1,checksum = 12850,payload = .....................
******模拟网络环境******：关闭定时器, 当前时间 = 871.213, 定时器报文序号 = 1
******模拟网络环境******：启动定时器, 当前时间 = 871.67, 定时器报文序号 = 0, 定时器Timeout时间 = 891.67
******模拟网络环境******：发送方的数据包将在880.69到达对方, 数据包为-->seqnum = 0, acknum = -1,checksum = 64251,payload = MMMMMMMMMMMMMMMMMMMM

******模拟网络环境******：向上递交给应用层数据：MMMMMMMMMMMMMMMMMMMM

******模拟网络环境******：接收方的确认包将在888.7到达对方, 确认包为-->seqnum = -1, acknum = 0,checksum = 12851,payload = .....................
******模拟网络环境******：关闭定时器, 当前时间 = 888.7, 定时器报文序号 = 0
******模拟网络环境******：启动定时器, 当前时间 = 888.798, 定时器报文序号 = 1, 定时器Timeout时间 = 908.798
******模拟网络环境******：发送方的数据包将在898.308到达对方, 数据包为-->seqnum = 1, acknum = -1,checksum = 61680,payload = NNNNNNNNNNNNNNNNNNNN

******模拟网络环境******：向上递交给应用层数据：NNNNNNNNNNNNNNNNNNNN

******模拟网络环境******：接收方的确认包将在906.018到达对方, 确认包为-->seqnum = -1, acknum = 1,checksum = 12850,payload = .....................
******模拟网络环境******：关闭定时器, 当前时间 = 906.018, 定时器报文序号 = 1
******模拟网络环境******：启动定时器, 当前时间 = 907.983, 定时器报文序号 = 0, 定时器Timeout时间 = 927.983
******模拟网络环境******：发送方发送的数据包丢失：seqnum = 0, acknum = -1,checksum = 59111,payload = OOOOOOOOOOOOOOOOOOOO

******模拟网络环境******：关闭定时器, 当前时间 = 927.983, 定时器报文序号 = 0
******模拟网络环境******：启动定时器, 当前时间 = 927.983, 定时器报文序号 = 0, 定时器Timeout时间 = 947.983
******模拟网络环境******：网络层数据包损坏,损坏的包为-->seqnum = 0, acknum = -1,checksum = 59111,payload = POOOOOOOOOOOOOOOOOOO

******模拟网络环境******：发送方的数据包将在934.303到达对方, 数据包为-->seqnum = 0, acknum = -1,checksum = 59111,payload = POOOOOOOOOOOOOOOOOOO

******模拟网络环境******：接收方的确认包将在935.773到达对方, 确认包为-->seqnum = -1, acknum = 1,checksum = 12850,payload = .....................
******模拟网络环境******：关闭定时器, 当前时间 = 935.773, 定时器报文序号 = 0
******模拟网络环境******：启动定时器, 当前时间 = 935.773, 定时器报文序号 = 0, 定时器Timeout时间 = 955.773
******模拟网络环境******：发送方的数据包将在939.263到达对方, 数据包为-->seqnum = 0, acknum = -1,checksum = 59111,payload = OOOOOOOOOOOOOOOOOOOO

******模拟网络环境******：向上递交给应用层数据：OOOOOOOOOOOOOOOOOOOO

******模拟网络环境******：接收方的确认包将在941.693到达对方, 确认包为-->seqnum = -1, acknum = 0,checksum = 12851,payload = .....................
******模拟网络环境******：关闭定时器, 当前时间 = 941.693, 定时器报文序号 = 0
******模拟网络环境******：启动定时器, 当前时间 = 942.053, 定时器报文序号 = 1, 定时器Timeout时间 = 962.053
******模拟网络环境******：发送方的数据包将在952.393到达对方, 数据包为-->seqnum = 1, acknum = -1,checksum = 56540,payload = PPPPPPPPPPPPPPPPPPPP

******模拟网络环境******：向上递交给应用层数据：PPPPPPPPPPPPPPPPPPPP

******模拟网络环境******：接收方的确认包将在962.753到达对方, 确认包为-->seqnum = -1, acknum = 1,checksum = 12850,payload = .....................
******模拟网络环境******：关闭定时器, 当前时间 = 962.053, 定时器报文序号 = 1
******模拟网络环境******：启动定时器, 当前时间 = 962.053, 定时器报文序号 = 1, 定时器Timeout时间 = 982.053
******模拟网络环境******：发送方的数据包将在966.713到达对方, 数据包为-->seqnum = 1, acknum = -1,checksum = 56540,payload = PPPPPPPPPPPPPPPPPPPP

******模拟网络环境******：关闭定时器, 当前时间 = 962.753, 定时器报文序号 = 1
******模拟网络环境******：接收方的确认包将在974.443到达对方, 确认包为-->seqnum = -1, acknum = 1,checksum = 12850,payload = .....................
******模拟网络环境******：启动定时器, 当前时间 = 975.248, 定时器报文序号 = 0, 定时器Timeout时间 = 995.248
******模拟网络环境******：发送方发送的数据包丢失：seqnum = 0, acknum = -1,checksum = 53971,payload = QQQQQQQQQQQQQQQQQQQQ

******模拟网络环境******：关闭定时器, 当前时间 = 995.248, 定时器报文序号 = 0
******模拟网络环境******：启动定时器, 当前时间 = 995.248, 定时器报文序号 = 0, 定时器Timeout时间 = 1015.25
******模拟网络环境******：发送方的数据包将在1002.72到达对方, 数据包为-->seqnum = 0, acknum = -1,checksum = 53971,payload = QQQQQQQQQQQQQQQQQQQQ

******模拟网络环境******：向上递交给应用层数据：QQQQQQQQQQQQQQQQQQQQ

******模拟网络环境******：接收方的确认包将在1004.89到达对方, 确认包为-->seqnum = -1, acknum = 0,checksum = 12851,payload = .....................
******模拟网络环境******：关闭定时器, 当前时间 = 1004.89, 定时器报文序号 = 0
******模拟网络环境******：启动定时器, 当前时间 = 1005.68, 定时器报文序号 = 1, 定时器Timeout时间 = 1025.68
******模拟网络环境******：发送方的数据包将在1010.94到达对方, 数据包为-->seqnum = 1, acknum = -1,checksum = 51400,payload = RRRRRRRRRRRRRRRRRRRR

******模拟网络环境******：向上递交给应用层数据：RRRRRRRRRRRRRRRRRRRR

******模拟网络环境******：接收方的确认包将在1017.69到达对方, 确认包为-->seqnum = -1, acknum = 1,checksum = 12850,payload = .....................
******模拟网络环境******：关闭定时器, 当前时间 = 1017.69, 定时器报文序号 = 1
******模拟网络环境******：启动定时器, 当前时间 = 1017.97, 定时器报文序号 = 0, 定时器Timeout时间 = 1037.97
******模拟网络环境******：发送方的数据包将在1022.38到达对方, 数据包为-->seqnum = 0, acknum = -1,checksum = 48831,payload = SSSSSSSSSSSSSSSSSSSS

******模拟网络环境******：向上递交给应用层数据：SSSSSSSSSSSSSSSSSSSS

******模拟网络环境******：接收方的确认包将在1032.07到达对方, 确认包为-->seqnum = -1, acknum = 0,checksum = 12851,payload = .....................
******模拟网络环境******：关闭定时器, 当前时间 = 1032.07, 定时器报文序号 = 0
******模拟网络环境******：启动定时器, 当前时间 = 1032.23, 定时器报文序号 = 1, 定时器Timeout时间 = 1052.23
******模拟网络环境******：发送方发送的数据包丢失：seqnum = 1, acknum = -1,checksum = 46260,payload = TTTTTTTTTTTTTTTTTTTT

******模拟网络环境******：关闭定时器, 当前时间 = 1052.23, 定时器报文序号 = 1
******模拟网络环境******：启动定时器, 当前时间 = 1052.23, 定时器报文序号 = 1, 定时器Timeout时间 = 1072.23
******模拟网络环境******：发送方的数据包将在1060.97到达对方, 数据包为-->seqnum = 1, acknum = -1,checksum = 46260,payload = TTTTTTTTTTTTTTTTTTTT

******模拟网络环境******：向上递交给应用层数据：TTTTTTTTTTTTTTTTTTTT

******模拟网络环境******：接收方的确认包将在1064.28到达对方, 确认包为-->seqnum = -1, acknum = 1,checksum = 12850,payload = .....................
******模拟网络环境******：关闭定时器, 当前时间 = 1064.28, 定时器报文序号 = 1
******模拟网络环境******：启动定时器, 当前时间 = 1064.36, 定时器报文序号 = 0, 定时器Timeout时间 = 1084.36
******模拟网络环境******：发送方的数据包将在1065.78到达对方, 数据包为-->seqnum = 0, acknum = -1,checksum = 43691,payload = UUUUUUUUUUUUUUUUUUUU

******模拟网络环境******：向上递交给应用层数据：UUUUUUUUUUUUUUUUUUUU

******模拟网络环境******：网络层数据包损坏,损坏的包为-->seqnum = -1, acknum = 0,checksum = 12851,payload = /....................
******模拟网络环境******：接收方的确认包将在1072.31到达对方, 确认包为-->seqnum = -1, acknum = 0,checksum = 12851,payload = /....................
******模拟网络环境******：关闭定时器, 当前时间 = 1072.31, 定时器报文序号 = 0
******模拟网络环境******：启动定时器, 当前时间 = 1072.31, 定时器报文序号 = 0, 定时器Timeout时间 = 1092.31
******模拟网络环境******：发送方的数据包将在1074.19到达对方, 数据包为-->seqnum = 0, acknum = -1,checksum = 43691,payload = UUUUUUUUUUUUUUUUUUUU

******模拟网络环境******：接收方的确认包将在1076.85到达对方, 确认包为-->seqnum = -1, acknum = 0,checksum = 12851,payload = .....................
******模拟网络环境******：关闭定时器, 当前时间 = 1076.85, 定时器报文序号 = 0
******模拟网络环境******：启动定时器, 当前时间 = 1077.22, 定时器报文序号 = 1, 定时器Timeout时间 = 1097.22
******模拟网络环境******：发送方的数据包将在1084.83到达对方, 数据包为-->seqnum = 1, acknum = -1,checksum = 41120,payload = VVVVVVVVVVVVVVVVVVVV

******模拟网络环境******：向上递交给应用层数据：VVVVVVVVVVVVVVVVVVVV

******模拟网络环境******：接收方的确认包将在1089.03到达对方, 确认包为-->seqnum = -1, acknum = 1,checksum = 12850,payload = .....................
******模拟网络环境******：关闭定时器, 当前时间 = 1089.03, 定时器报文序号 = 1
******模拟网络环境******：启动定时器, 当前时间 = 1089.43, 定时器报文序号 = 0, 定时器Timeout时间 = 1109.43
******模拟网络环境******：发送方的数据包将在1092.6到达对方, 数据包为-->seqnum = 0, acknum = -1,checksum = 38551,payload = WWWWWWWWWWWWWWWWWWWW

******模拟网络环境******：向上递交给应用层数据：WWWWWWWWWWWWWWWWWWWW

******模拟网络环境******：接收方的确认包将在1094.84到达对方, 确认包为-->seqnum = -1, acknum = 0,checksum = 12851,payload = .....................
******模拟网络环境******：关闭定时器, 当前时间 = 1094.84, 定时器报文序号 = 0
******模拟网络环境******：启动定时器, 当前时间 = 1095, 定时器报文序号 = 1, 定时器Timeout时间 = 1115
******模拟网络环境******：发送方的数据包将在1101.85到达对方, 数据包为-->seqnum = 1, acknum = -1,checksum = 35980,payload = XXXXXXXXXXXXXXXXXXXX

******模拟网络环境******：向上递交给应用层数据：XXXXXXXXXXXXXXXXXXXX

******模拟网络环境******：接收方的确认包将在1109.05到达对方, 确认包为-->seqnum = -1, acknum = 1,checksum = 12850,payload = .....................
******模拟网络环境******：关闭定时器, 当前时间 = 1109.05, 定时器报文序号 = 1
******模拟网络环境******：启动定时器, 当前时间 = 1109.14, 定时器报文序号 = 0, 定时器Timeout时间 = 1129.14
******模拟网络环境******：发送方发送的数据包丢失：seqnum = 0, acknum = -1,checksum = 33411,payload = YYYYYYYYYYYYYYYYYYYY

******模拟网络环境******：关闭定时器, 当前时间 = 1129.14, 定时器报文序号 = 0
******模拟网络环境******：启动定时器, 当前时间 = 1129.14, 定时器报文序号 = 0, 定时器Timeout时间 = 1149.14
******模拟网络环境******：发送方的数据包将在1134.78到达对方, 数据包为-->seqnum = 0, acknum = -1,checksum = 33411,payload = YYYYYYYYYYYYYYYYYYYY

******模拟网络环境******：向上递交给应用层数据：YYYYYYYYYYYYYYYYYYYY

******模拟网络环境******：接收方的确认包将在1144.18到达对方, 确认包为-->seqnum = -1, acknum = 0,checksum = 12851,payload = .....................
******模拟网络环境******：关闭定时器, 当前时间 = 1144.18, 定时器报文序号 = 0
******模拟网络环境******：启动定时器, 当前时间 = 1144.38, 定时器报文序号 = 1, 定时器Timeout时间 = 1164.38
******模拟网络环境******：发送方发送的数据包丢失：seqnum = 1, acknum = -1,checksum = 30840,payload = ZZZZZZZZZZZZZZZZZZZZ

******模拟网络环境******：关闭定时器, 当前时间 = 1164.38, 定时器报文序号 = 1
******模拟网络环境******：启动定时器, 当前时间 = 1164.38, 定时器报文序号 = 1, 定时器Timeout时间 = 1184.38
******模拟网络环境******：发送方的数据包将在1168.4到达对方, 数据包为-->seqnum = 1, acknum = -1,checksum = 30840,payload = ZZZZZZZZZZZZZZZZZZZZ

******模拟网络环境******：向上递交给应用层数据：ZZZZZZZZZZZZZZZZZZZZ

******模拟网络环境******：接收方的确认包将在1174.97到达对方, 确认包为-->seqnum = -1, acknum = 1,checksum = 12850,payload = .....................
******模拟网络环境******：关闭定时器, 当前时间 = 1174.97, 定时器报文序号 = 1
******模拟网络环境******：启动定时器, 当前时间 = 1175.64, 定时器报文序号 = 0, 定时器Timeout时间 = 1195.64
******模拟网络环境******：发送方的数据包将在1181.7到达对方, 数据包为-->seqnum = 0, acknum = -1,checksum = 29556,payload = AAAAAAAAAAAAAAAAAAAA

******模拟网络环境******：向上递交给应用层数据：AAAAAAAAAAAAAAAAAAAA

******模拟网络环境******：接收方发送的确认包丢失：seqnum = -1, acknum = 0,checksum = 12851,payload = .....................
******模拟网络环境******：关闭定时器, 当前时间 = 1195.64, 定时器报文序号 = 0
******模拟网络环境******：启动定时器, 当前时间 = 1195.64, 定时器报文序号 = 0, 定时器Timeout时间 = 1215.64
******模拟网络环境******：发送方的数据包将在1198.98到达对方, 数据包为-->seqnum = 0, acknum = -1,checksum = 29556,payload = AAAAAAAAAAAAAAAAAAAA

******模拟网络环境******：网络层数据包损坏,损坏的包为-->seqnum = -1, acknum = 0,checksum = 12851,payload = /....................
******模拟网络环境******：接收方的确认包将在1200.17到达对方, 确认包为-->seqnum = -1, acknum = 0,checksum = 12851,payload = /....................
******模拟网络环境******：关闭定时器, 当前时间 = 1200.17, 定时器报文序号 = 0
******模拟网络环境******：启动定时器, 当前时间 = 1200.17, 定时器报文序号 = 0, 定时器Timeout时间 = 1220.17
******模拟网络环境******：发送方的数据包将在1206.9到达对方, 数据包为-->seqnum = 0, acknum = -1,checksum = 29556,payload = AAAAAAAAAAAAAAAAAAAA

******模拟网络环境******：接收方的确认包将在1209.17到达对方, 确认包为-->seqnum = -1, acknum = 0,checksum = 12851,payload = .....................
******模拟网络环境******：关闭定时器, 当前时间 = 1209.17, 定时器报文序号 = 0
******模拟网络环境******：启动定时器, 当前时间 = 1209.17, 定时器报文序号 = 1, 定时器Timeout时间 = 1229.17
******模拟网络环境******：发送方的数据包将在1211.7到达对方, 数据包为-->seqnum = 1, acknum = -1,checksum = 26985,payload = BBBBBBBBBBBBBBBBBBBB

******模拟网络环境******：向上递交给应用层数据：BBBBBBBBBBBBBBBBBBBB

******模拟网络环境******：接收方的确认包将在1215.66到达对方, 确认包为-->seqnum = -1, acknum = 1,checksum = 12850,payload = .....................
******模拟网络环境******：关闭定时器, 当前时间 = 1215.66, 定时器报文序号 = 1
******模拟网络环境******：启动定时器, 当前时间 = 1215.89, 定时器报文序号 = 0, 定时器Timeout时间 = 1235.89
******模拟网络环境******：发送方的数据包将在1223.01到达对方, 数据包为-->seqnum = 0, acknum = -1,checksum = 24416,payload = CCCCCCCCCCCCCCCCCCCC

******模拟网络环境******：向上递交给应用层数据：CCCCCCCCCCCCCCCCCCCC

******模拟网络环境******：接收方的确认包将在1229.32到达对方, 确认包为-->seqnum = -1, acknum = 0,checksum = 12851,payload = .....................
******模拟网络环境******：关闭定时器, 当前时间 = 1229.32, 定时器报文序号 = 0
******模拟网络环境******：启动定时器, 当前时间 = 1229.55, 定时器报文序号 = 1, 定时器Timeout时间 = 1249.55
******模拟网络环境******：发送方发送的数据包丢失：seqnum = 1, acknum = -1,checksum = 21845,payload = DDDDDDDDDDDDDDDDDDDD

******模拟网络环境******：关闭定时器, 当前时间 = 1249.55, 定时器报文序号 = 1
******模拟网络环境******：启动定时器, 当前时间 = 1249.55, 定时器报文序号 = 1, 定时器Timeout时间 = 1269.55
******模拟网络环境******：发送方的数据包将在1252.48到达对方, 数据包为-->seqnum = 1, acknum = -1,checksum = 21845,payload = DDDDDDDDDDDDDDDDDDDD

******模拟网络环境******：向上递交给应用层数据：DDDDDDDDDDDDDDDDDDDD

******模拟网络环境******：接收方的确认包将在1263.18到达对方, 确认包为-->seqnum = -1, acknum = 1,checksum = 12850,payload = .....................
******模拟网络环境******：关闭定时器, 当前时间 = 1263.18, 定时器报文序号 = 1
******模拟网络环境******：启动定时器, 当前时间 = 1263.29, 定时器报文序号 = 0, 定时器Timeout时间 = 1283.29
******模拟网络环境******：发送方的数据包将在1266.72到达对方, 数据包为-->seqnum = 0, acknum = -1,checksum = 19276,payload = EEEEEEEEEEEEEEEEEEEE

******模拟网络环境******：向上递交给应用层数据：EEEEEEEEEEEEEEEEEEEE

******模拟网络环境******：接收方的确认包将在1267.95到达对方, 确认包为-->seqnum = -1, acknum = 0,checksum = 12851,payload = .....................
******模拟网络环境******：关闭定时器, 当前时间 = 1267.95, 定时器报文序号 = 0
******模拟网络环境******：启动定时器, 当前时间 = 1268.23, 定时器报文序号 = 1, 定时器Timeout时间 = 1288.23
******模拟网络环境******：发送方的数据包将在1269.43到达对方, 数据包为-->seqnum = 1, acknum = -1,checksum = 16705,payload = FFFFFFFFFFFFFFFFFFFF

******模拟网络环境******：向上递交给应用层数据：FFFFFFFFFFFFFFFFFFFF

******模拟网络环境******：接收方发送的确认包丢失：seqnum = -1, acknum = 1,checksum = 12850,payload = .....................
******模拟网络环境******：关闭定时器, 当前时间 = 1288.23, 定时器报文序号 = 1
******模拟网络环境******：启动定时器, 当前时间 = 1288.23, 定时器报文序号 = 1, 定时器Timeout时间 = 1308.23
******模拟网络环境******：网络层数据包损坏,损坏的包为-->seqnum = 1, acknum = -1,checksum = 16705,payload = GFFFFFFFFFFFFFFFFFFF

******模拟网络环境******：发送方的数据包将在1298.14到达对方, 数据包为-->seqnum = 1, acknum = -1,checksum = 16705,payload = GFFFFFFFFFFFFFFFFFFF

******模拟网络环境******：接收方发送的确认包丢失：seqnum = -1, acknum = 1,checksum = 12850,payload = .....................
******模拟网络环境******：关闭定时器, 当前时间 = 1308.23, 定时器报文序号 = 1
******模拟网络环境******：启动定时器, 当前时间 = 1308.23, 定时器报文序号 = 1, 定时器Timeout时间 = 1328.23
******模拟网络环境******：发送方发送的数据包丢失：seqnum = 1, acknum = -1,checksum = 16705,payload = FFFFFFFFFFFFFFFFFFFF

******模拟网络环境******：关闭定时器, 当前时间 = 1328.23, 定时器报文序号 = 1
******模拟网络环境******：启动定时器, 当前时间 = 1328.23, 定时器报文序号 = 1, 定时器Timeout时间 = 1348.23
******模拟网络环境******：发送方的数据包将在1338.22到达对方, 数据包为-->seqnum = 1, acknum = -1,checksum = 16705,payload = FFFFFFFFFFFFFFFFFFFF

******模拟网络环境******：接收方的确认包将在1348.4到达对方, 确认包为-->seqnum = -1, acknum = 1,checksum = 12850,payload = .....................
******模拟网络环境******：关闭定时器, 当前时间 = 1348.23, 定时器报文序号 = 1
******模拟网络环境******：启动定时器, 当前时间 = 1348.23, 定时器报文序号 = 1, 定时器Timeout时间 = 1368.23
******模拟网络环境******：发送方的数据包将在1349.6到达对方, 数据包为-->seqnum = 1, acknum = -1,checksum = 16705,payload = FFFFFFFFFFFFFFFFFFFF

******模拟网络环境******：关闭定时器, 当前时间 = 1348.4, 定时器报文序号 = 1
******模拟网络环境******：接收方的确认包将在1360.37到达对方, 确认包为-->seqnum = -1, acknum = 1,checksum = 12850,payload = .....................
******模拟网络环境******：启动定时器, 当前时间 = 1360.84, 定时器报文序号 = 0, 定时器Timeout时间 = 1380.84
******模拟网络环境******：发送方的数据包将在1362.24到达对方, 数据包为-->seqnum = 0, acknum = -1,checksum = 14136,payload = GGGGGGGGGGGGGGGGGGGG

******模拟网络环境******：向上递交给应用层数据：GGGGGGGGGGGGGGGGGGGG

******模拟网络环境******：接收方的确认包将在1369.63到达对方, 确认包为-->seqnum = -1, acknum = 0,checksum = 12851,payload = .....................
******模拟网络环境******：关闭定时器, 当前时间 = 1369.63, 定时器报文序号 = 0
******模拟网络环境******：启动定时器, 当前时间 = 1370.11, 定时器报文序号 = 1, 定时器Timeout时间 = 1390.11
******模拟网络环境******：发送方的数据包将在1377.97到达对方, 数据包为-->seqnum = 1, acknum = -1,checksum = 11565,payload = HHHHHHHHHHHHHHHHHHHH

******模拟网络环境******：向上递交给应用层数据：HHHHHHHHHHHHHHHHHHHH

******模拟网络环境******：网络层数据包损坏,损坏的包为-->seqnum = -1, acknum = 1,checksum = 12850,payload = /....................
******模拟网络环境******：接收方的确认包将在1381.09到达对方, 确认包为-->seqnum = -1, acknum = 1,checksum = 12850,payload = /....................
******模拟网络环境******：关闭定时器, 当前时间 = 1381.09, 定时器报文序号 = 1
******模拟网络环境******：启动定时器, 当前时间 = 1381.09, 定时器报文序号 = 1, 定时器Timeout时间 = 1401.09
******模拟网络环境******：发送方的数据包将在1386.25到达对方, 数据包为-->seqnum = 1, acknum = -1,checksum = 11565,payload = HHHHHHHHHHHHHHHHHHHH

******模拟网络环境******：接收方发送的确认包丢失：seqnum = -1, acknum = 1,checksum = 12850,payload = .....................
******模拟网络环境******：关闭定时器, 当前时间 = 1401.09, 定时器报文序号 = 1
******模拟网络环境******：启动定时器, 当前时间 = 1401.09, 定时器报文序号 = 1, 定时器Timeout时间 = 1421.09
******模拟网络环境******：发送方的数据包将在1411.97到达对方, 数据包为-->seqnum = 1, acknum = -1,checksum = 11565,payload = HHHHHHHHHHHHHHHHHHHH

******模拟网络环境******：接收方的确认包将在1415.33到达对方, 确认包为-->seqnum = -1, acknum = 1,checksum = 12850,payload = .....................
******模拟网络环境******：关闭定时器, 当前时间 = 1415.33, 定时器报文序号 = 1
******模拟网络环境******：启动定时器, 当前时间 = 1415.36, 定时器报文序号 = 0, 定时器Timeout时间 = 1435.36
******模拟网络环境******：发送方的数据包将在1420.11到达对方, 数据包为-->seqnum = 0, acknum = -1,checksum = 8996,payload = IIIIIIIIIIIIIIIIIIII

******模拟网络环境******：向上递交给应用层数据：IIIIIIIIIIIIIIIIIIII

******模拟网络环境******：网络层数据包损坏,损坏的包为-->seqnum = -1, acknum = -999999,checksum = 12851,payload = .....................
******模拟网络环境******：接收方的确认包将在1429.38到达对方, 确认包为-->seqnum = -1, acknum = -999999,checksum = 12851,payload = .....................
******模拟网络环境******：关闭定时器, 当前时间 = 1429.38, 定时器报文序号 = 0
******模拟网络环境******：启动定时器, 当前时间 = 1429.38, 定时器报文序号 = 0, 定时器Timeout时间 = 1449.38
******模拟网络环境******：发送方的数据包将在1431.72到达对方, 数据包为-->seqnum = 0, acknum = -1,checksum = 8996,payload = IIIIIIIIIIIIIIIIIIII

******模拟网络环境******：网络层数据包损坏,损坏的包为-->seqnum = -1, acknum = 0,checksum = 12851,payload = /....................
******模拟网络环境******：接收方的确认包将在1438.49到达对方, 确认包为-->seqnum = -1, acknum = 0,checksum = 12851,payload = /....................
******模拟网络环境******：关闭定时器, 当前时间 = 1438.49, 定时器报文序号 = 0
******模拟网络环境******：启动定时器, 当前时间 = 1438.49, 定时器报文序号 = 0, 定时器Timeout时间 = 1458.49
******模拟网络环境******：发送方的数据包将在1443.73到达对方, 数据包为-->seqnum = 0, acknum = -1,checksum = 8996,payload = IIIIIIIIIIIIIIIIIIII

******模拟网络环境******：接收方的确认包将在1446.97到达对方, 确认包为-->seqnum = -1, acknum = 0,checksum = 12851,payload = .....................
******模拟网络环境******：关闭定时器, 当前时间 = 1446.97, 定时器报文序号 = 0
******模拟网络环境******：启动定时器, 当前时间 = 1447.31, 定时器报文序号 = 1, 定时器Timeout时间 = 1467.31
******模拟网络环境******：发送方的数据包将在1456.32到达对方, 数据包为-->seqnum = 1, acknum = -1,checksum = 6425,payload = JJJJJJJJJJJJJJJJJJJJ

******模拟网络环境******：向上递交给应用层数据：JJJJJJJJJJJJJJJJJJJJ

******模拟网络环境******：接收方的确认包将在1466.78到达对方, 确认包为-->seqnum = -1, acknum = 1,checksum = 12850,payload = .....................
******模拟网络环境******：关闭定时器, 当前时间 = 1466.78, 定时器报文序号 = 1
******模拟网络环境******：启动定时器, 当前时间 = 1467.44, 定时器报文序号 = 0, 定时器Timeout时间 = 1487.44
******模拟网络环境******：发送方的数据包将在1478.01到达对方, 数据包为-->seqnum = 0, acknum = -1,checksum = 3856,payload = KKKKKKKKKKKKKKKKKKKK

******模拟网络环境******：向上递交给应用层数据：KKKKKKKKKKKKKKKKKKKK

******模拟网络环境******：网络层数据包损坏,损坏的包为-->seqnum = -1, acknum = 0,checksum = 12851,payload = /....................
******模拟网络环境******：接收方的确认包将在1481.01到达对方, 确认包为-->seqnum = -1, acknum = 0,checksum = 12851,payload = /....................
******模拟网络环境******：关闭定时器, 当前时间 = 1481.01, 定时器报文序号 = 0
******模拟网络环境******：启动定时器, 当前时间 = 1481.01, 定时器报文序号 = 0, 定时器Timeout时间 = 1501.01
******模拟网络环境******：发送方的数据包将在1490.13到达对方, 数据包为-->seqnum = 0, acknum = -1,checksum = 3856,payload = KKKKKKKKKKKKKKKKKKKK

******模拟网络环境******：接收方的确认包将在1493.26到达对方, 确认包为-->seqnum = -1, acknum = 0,checksum = 12851,payload = .....................
******模拟网络环境******：关闭定时器, 当前时间 = 1493.26, 定时器报文序号 = 0
******模拟网络环境******：启动定时器, 当前时间 = 1493.48, 定时器报文序号 = 1, 定时器Timeout时间 = 1513.48
******模拟网络环境******：发送方的数据包将在1502.93到达对方, 数据包为-->seqnum = 1, acknum = -1,checksum = 1285,payload = LLLLLLLLLLLLLLLLLLLL

******模拟网络环境******：向上递交给应用层数据：LLLLLLLLLLLLLLLLLLLL

******模拟网络环境******：接收方的确认包将在1509.62到达对方, 确认包为-->seqnum = -1, acknum = 1,checksum = 12850,payload = .....................
******模拟网络环境******：关闭定时器, 当前时间 = 1509.62, 定时器报文序号 = 1
******模拟网络环境******：启动定时器, 当前时间 = 1510.13, 定时器报文序号 = 0, 定时器Timeout时间 = 1530.13
******模拟网络环境******：发送方的数据包将在1517.45到达对方, 数据包为-->seqnum = 0, acknum = -1,checksum = 64251,payload = MMMMMMMMMMMMMMMMMMMM

******模拟网络环境******：向上递交给应用层数据：MMMMMMMMMMMMMMMMMMMM

******模拟网络环境******：网络层数据包损坏,损坏的包为-->seqnum = -1, acknum = 0,checksum = 12851,payload = /....................
******模拟网络环境******：接收方的确认包将在1520.62到达对方, 确认包为-->seqnum = -1, acknum = 0,checksum = 12851,payload = /....................
******模拟网络环境******：关闭定时器, 当前时间 = 1520.62, 定时器报文序号 = 0
******模拟网络环境******：启动定时器, 当前时间 = 1520.62, 定时器报文序号 = 0, 定时器Timeout时间 = 1540.62
******模拟网络环境******：发送方的数据包将在1526.22到达对方, 数据包为-->seqnum = 0, acknum = -1,checksum = 64251,payload = MMMMMMMMMMMMMMMMMMMM

******模拟网络环境******：接收方的确认包将在1536.32到达对方, 确认包为-->seqnum = -1, acknum = 0,checksum = 12851,payload = .....................
******模拟网络环境******：关闭定时器, 当前时间 = 1536.32, 定时器报文序号 = 0
******模拟网络环境******：启动定时器, 当前时间 = 1536.52, 定时器报文序号 = 1, 定时器Timeout时间 = 1556.52
******模拟网络环境******：发送方的数据包将在1538.01到达对方, 数据包为-->seqnum = 1, acknum = -1,checksum = 61680,payload = NNNNNNNNNNNNNNNNNNNN

******模拟网络环境******：向上递交给应用层数据：NNNNNNNNNNNNNNNNNNNN

******模拟网络环境******：接收方发送的确认包丢失：seqnum = -1, acknum = 1,checksum = 12850,payload = .....................
******模拟网络环境******：关闭定时器, 当前时间 = 1556.52, 定时器报文序号 = 1
******模拟网络环境******：启动定时器, 当前时间 = 1556.52, 定时器报文序号 = 1, 定时器Timeout时间 = 1576.52
******模拟网络环境******：发送方的数据包将在1558.63到达对方, 数据包为-->seqnum = 1, acknum = -1,checksum = 61680,payload = NNNNNNNNNNNNNNNNNNNN

******模拟网络环境******：接收方的确认包将在1564.1到达对方, 确认包为-->seqnum = -1, acknum = 1,checksum = 12850,payload = .....................
******模拟网络环境******：关闭定时器, 当前时间 = 1564.1, 定时器报文序号 = 1
******模拟网络环境******：启动定时器, 当前时间 = 1564.24, 定时器报文序号 = 0, 定时器Timeout时间 = 1584.24
******模拟网络环境******：发送方的数据包将在1571.81到达对方, 数据包为-->seqnum = 0, acknum = -1,checksum = 59111,payload = OOOOOOOOOOOOOOOOOOOO

******模拟网络环境******：向上递交给应用层数据：OOOOOOOOOOOOOOOOOOOO

******模拟网络环境******：接收方的确认包将在1577.54到达对方, 确认包为-->seqnum = -1, acknum = 0,checksum = 12851,payload = .....................
******模拟网络环境******：关闭定时器, 当前时间 = 1577.54, 定时器报文序号 = 0
******模拟网络环境******：启动定时器, 当前时间 = 1578.15, 定时器报文序号 = 1, 定时器Timeout时间 = 1598.15
******模拟网络环境******：发送方的数据包将在1584.48到达对方, 数据包为-->seqnum = 1, acknum = -1,checksum = 56540,payload = PPPPPPPPPPPPPPPPPPPP

******模拟网络环境******：向上递交给应用层数据：PPPPPPPPPPPPPPPPPPPP

******模拟网络环境******：接收方的确认包将在1586.21到达对方, 确认包为-->seqnum = -1, acknum = 1,checksum = 12850,payload = .....................
******模拟网络环境******：关闭定时器, 当前时间 = 1586.21, 定时器报文序号 = 1
******模拟网络环境******：启动定时器, 当前时间 = 1587.5, 定时器报文序号 = 0, 定时器Timeout时间 = 1607.5
******模拟网络环境******：发送方的数据包将在1596.2到达对方, 数据包为-->seqnum = 0, acknum = -1,checksum = 53971,payload = QQQQQQQQQQQQQQQQQQQQ

******模拟网络环境******：向上递交给应用层数据：QQQQQQQQQQQQQQQQQQQQ

******模拟网络环境******：接收方的确认包将在1599.25到达对方, 确认包为-->seqnum = -1, acknum = 0,checksum = 12851,payload = .....................
******模拟网络环境******：关闭定时器, 当前时间 = 1599.25, 定时器报文序号 = 0
******模拟网络环境******：启动定时器, 当前时间 = 1599.4, 定时器报文序号 = 1, 定时器Timeout时间 = 1619.4
******模拟网络环境******：发送方的数据包将在1600.57到达对方, 数据包为-->seqnum = 1, acknum = -1,checksum = 51400,payload = RRRRRRRRRRRRRRRRRRRR

******模拟网络环境******：向上递交给应用层数据：RRRRRRRRRRRRRRRRRRRR

******模拟网络环境******：接收方的确认包将在1603.92到达对方, 确认包为-->seqnum = -1, acknum = 1,checksum = 12850,payload = .....................
******模拟网络环境******：关闭定时器, 当前时间 = 1603.92, 定时器报文序号 = 1
******模拟网络环境******：启动定时器, 当前时间 = 1604.78, 定时器报文序号 = 0, 定时器Timeout时间 = 1624.78
******模拟网络环境******：网络层数据包损坏,损坏的包为-->seqnum = 0, acknum = -1,checksum = 48831,payload = TSSSSSSSSSSSSSSSSSSS

******模拟网络环境******：发送方的数据包将在1608.77到达对方, 数据包为-->seqnum = 0, acknum = -1,checksum = 48831,payload = TSSSSSSSSSSSSSSSSSSS

******模拟网络环境******：网络层数据包损坏,损坏的包为-->seqnum = -1, acknum = 1,checksum = 12850,payload = /....................
******模拟网络环境******：接收方的确认包将在1618.67到达对方, 确认包为-->seqnum = -1, acknum = 1,checksum = 12850,payload = /....................
******模拟网络环境******：关闭定时器, 当前时间 = 1618.67, 定时器报文序号 = 0
******模拟网络环境******：启动定时器, 当前时间 = 1618.67, 定时器报文序号 = 0, 定时器Timeout时间 = 1638.67
******模拟网络环境******：发送方的数据包将在1619.67到达对方, 数据包为-->seqnum = 0, acknum = -1,checksum = 48831,payload = SSSSSSSSSSSSSSSSSSSS

******模拟网络环境******：向上递交给应用层数据：SSSSSSSSSSSSSSSSSSSS

******模拟网络环境******：接收方的确认包将在1629.79到达对方, 确认包为-->seqnum = -1, acknum = 0,checksum = 12851,payload = .....................
******模拟网络环境******：关闭定时器, 当前时间 = 1629.79, 定时器报文序号 = 0
******模拟网络环境******：启动定时器, 当前时间 = 1630.51, 定时器报文序号 = 1, 定时器Timeout时间 = 1650.51
******模拟网络环境******：发送方的数据包将在1639.91到达对方, 数据包为-->seqnum = 1, acknum = -1,checksum = 46260,payload = TTTTTTTTTTTTTTTTTTTT

******模拟网络环境******：向上递交给应用层数据：TTTTTTTTTTTTTTTTTTTT

******模拟网络环境******：接收方的确认包将在1644.52到达对方, 确认包为-->seqnum = -1, acknum = 1,checksum = 12850,payload = .....................
******模拟网络环境******：关闭定时器, 当前时间 = 1644.52, 定时器报文序号 = 1
******模拟网络环境******：启动定时器, 当前时间 = 1644.54, 定时器报文序号 = 0, 定时器Timeout时间 = 1664.54
******模拟网络环境******：发送方的数据包将在1650.59到达对方, 数据包为-->seqnum = 0, acknum = -1,checksum = 43691,payload = UUUUUUUUUUUUUUUUUUUU

******模拟网络环境******：向上递交给应用层数据：UUUUUUUUUUUUUUUUUUUU

******模拟网络环境******：接收方的确认包将在1661.37到达对方, 确认包为-->seqnum = -1, acknum = 0,checksum = 12851,payload = .....................
******模拟网络环境******：关闭定时器, 当前时间 = 1661.37, 定时器报文序号 = 0
******模拟网络环境******：启动定时器, 当前时间 = 1661.56, 定时器报文序号 = 1, 定时器Timeout时间 = 1681.56
******模拟网络环境******：发送方的数据包将在1665.48到达对方, 数据包为-->seqnum = 1, acknum = -1,checksum = 41120,payload = VVVVVVVVVVVVVVVVVVVV

******模拟网络环境******：向上递交给应用层数据：VVVVVVVVVVVVVVVVVVVV

******模拟网络环境******：接收方发送的确认包丢失：seqnum = -1, acknum = 1,checksum = 12850,payload = .....................
******模拟网络环境******：关闭定时器, 当前时间 = 1681.56, 定时器报文序号 = 1
******模拟网络环境******：启动定时器, 当前时间 = 1681.56, 定时器报文序号 = 1, 定时器Timeout时间 = 1701.56
******模拟网络环境******：发送方发送的数据包丢失：seqnum = 1, acknum = -1,checksum = 41120,payload = VVVVVVVVVVVVVVVVVVVV

******模拟网络环境******：关闭定时器, 当前时间 = 1701.56, 定时器报文序号 = 1
******模拟网络环境******：启动定时器, 当前时间 = 1701.56, 定时器报文序号 = 1, 定时器Timeout时间 = 1721.56
******模拟网络环境******：发送方的数据包将在1702.66到达对方, 数据包为-->seqnum = 1, acknum = -1,checksum = 41120,payload = VVVVVVVVVVVVVVVVVVVV

******模拟网络环境******：网络层数据包损坏,损坏的包为-->seqnum = -999999, acknum = 1,checksum = 12850,payload = .....................
******模拟网络环境******：接收方的确认包将在1708.28到达对方, 确认包为-->seqnum = -999999, acknum = 1,checksum = 12850,payload = .....................
******模拟网络环境******：关闭定时器, 当前时间 = 1708.28, 定时器报文序号 = 1
******模拟网络环境******：启动定时器, 当前时间 = 1708.28, 定时器报文序号 = 1, 定时器Timeout时间 = 1728.28
******模拟网络环境******：发送方的数据包将在1714.37到达对方, 数据包为-->seqnum = 1, acknum = -1,checksum = 41120,payload = VVVVVVVVVVVVVVVVVVVV

******模拟网络环境******：网络层数据包损坏,损坏的包为-->seqnum = -999999, acknum = 1,checksum = 12850,payload = .....................
******模拟网络环境******：接收方的确认包将在1718.67到达对方, 确认包为-->seqnum = -999999, acknum = 1,checksum = 12850,payload = .....................
******模拟网络环境******：关闭定时器, 当前时间 = 1718.67, 定时器报文序号 = 1
******模拟网络环境******：启动定时器, 当前时间 = 1718.67, 定时器报文序号 = 1, 定时器Timeout时间 = 1738.67
******模拟网络环境******：网络层数据包损坏,损坏的包为-->seqnum = 1, acknum = -1,checksum = 41120,payload = WVVVVVVVVVVVVVVVVVVV

******模拟网络环境******：发送方的数据包将在1725.36到达对方, 数据包为-->seqnum = 1, acknum = -1,checksum = 41120,payload = WVVVVVVVVVVVVVVVVVVV

******模拟网络环境******：网络层数据包损坏,损坏的包为-->seqnum = -1, acknum = 1,checksum = 12850,payload = /....................
******模拟网络环境******：接收方的确认包将在1729.85到达对方, 确认包为-->seqnum = -1, acknum = 1,checksum = 12850,payload = /....................
******模拟网络环境******：关闭定时器, 当前时间 = 1729.85, 定时器报文序号 = 1
******模拟网络环境******：启动定时器, 当前时间 = 1729.85, 定时器报文序号 = 1, 定时器Timeout时间 = 1749.85
******模拟网络环境******：发送方的数据包将在1731.78到达对方, 数据包为-->seqnum = 1, acknum = -1,checksum = 41120,payload = VVVVVVVVVVVVVVVVVVVV

******模拟网络环境******：接收方的确认包将在1739.69到达对方, 确认包为-->seqnum = -1, acknum = 1,checksum = 12850,payload = .....................
******模拟网络环境******：关闭定时器, 当前时间 = 1739.69, 定时器报文序号 = 1
******模拟网络环境******：启动定时器, 当前时间 = 1740.09, 定时器报文序号 = 0, 定时器Timeout时间 = 1760.09
******模拟网络环境******：发送方的数据包将在1747.01到达对方, 数据包为-->seqnum = 0, acknum = -1,checksum = 38551,payload = WWWWWWWWWWWWWWWWWWWW

******模拟网络环境******：向上递交给应用层数据：WWWWWWWWWWWWWWWWWWWW

******模拟网络环境******：接收方的确认包将在1756.18到达对方, 确认包为-->seqnum = -1, acknum = 0,checksum = 12851,payload = .....................
******模拟网络环境******：关闭定时器, 当前时间 = 1756.18, 定时器报文序号 = 0
******模拟网络环境******：启动定时器, 当前时间 = 1756.29, 定时器报文序号 = 1, 定时器Timeout时间 = 1776.29
******模拟网络环境******：网络层数据包损坏,损坏的包为-->seqnum = 1, acknum = -1,checksum = 35980,payload = YXXXXXXXXXXXXXXXXXXX

******模拟网络环境******：发送方的数据包将在1758.17到达对方, 数据包为-->seqnum = 1, acknum = -1,checksum = 35980,payload = YXXXXXXXXXXXXXXXXXXX

******模拟网络环境******：接收方的确认包将在1767.22到达对方, 确认包为-->seqnum = -1, acknum = 0,checksum = 12851,payload = .....................
******模拟网络环境******：关闭定时器, 当前时间 = 1767.22, 定时器报文序号 = 1
******模拟网络环境******：启动定时器, 当前时间 = 1767.22, 定时器报文序号 = 1, 定时器Timeout时间 = 1787.22
******模拟网络环境******：发送方的数据包将在1774.62到达对方, 数据包为-->seqnum = 1, acknum = -1,checksum = 35980,payload = XXXXXXXXXXXXXXXXXXXX

******模拟网络环境******：向上递交给应用层数据：XXXXXXXXXXXXXXXXXXXX

******模拟网络环境******：接收方的确认包将在1777.83到达对方, 确认包为-->seqnum = -1, acknum = 1,checksum = 12850,payload = .....................
******模拟网络环境******：关闭定时器, 当前时间 = 1777.83, 定时器报文序号 = 1
******模拟网络环境******：启动定时器, 当前时间 = 1777.91, 定时器报文序号 = 0, 定时器Timeout时间 = 1797.91
******模拟网络环境******：发送方的数据包将在1783.83到达对方, 数据包为-->seqnum = 0, acknum = -1,checksum = 33411,payload = YYYYYYYYYYYYYYYYYYYY

******模拟网络环境******：向上递交给应用层数据：YYYYYYYYYYYYYYYYYYYY

******模拟网络环境******：网络层数据包损坏,损坏的包为-->seqnum = -1, acknum = 0,checksum = 12851,payload = /....................
******模拟网络环境******：接收方的确认包将在1788.19到达对方, 确认包为-->seqnum = -1, acknum = 0,checksum = 12851,payload = /....................
******模拟网络环境******：关闭定时器, 当前时间 = 1788.19, 定时器报文序号 = 0
******模拟网络环境******：启动定时器, 当前时间 = 1788.19, 定时器报文序号 = 0, 定时器Timeout时间 = 1808.19
******模拟网络环境******：发送方的数据包将在1797.44到达对方, 数据包为-->seqnum = 0, acknum = -1,checksum = 33411,payload = YYYYYYYYYYYYYYYYYYYY

******模拟网络环境******：网络层数据包损坏,损坏的包为-->seqnum = -1, acknum = 0,checksum = 12851,payload = /....................
******模拟网络环境******：接收方的确认包将在1801.99到达对方, 确认包为-->seqnum = -1, acknum = 0,checksum = 12851,payload = /....................
******模拟网络环境******：关闭定时器, 当前时间 = 1801.99, 定时器报文序号 = 0
******模拟网络环境******：启动定时器, 当前时间 = 1801.99, 定时器报文序号 = 0, 定时器Timeout时间 = 1821.99
******模拟网络环境******：发送方的数据包将在1812.56到达对方, 数据包为-->seqnum = 0, acknum = -1,checksum = 33411,payload = YYYYYYYYYYYYYYYYYYYY

******模拟网络环境******：接收方发送的确认包丢失：seqnum = -1, acknum = 0,checksum = 12851,payload = .....................
******模拟网络环境******：关闭定时器, 当前时间 = 1821.99, 定时器报文序号 = 0
******模拟网络环境******：启动定时器, 当前时间 = 1821.99, 定时器报文序号 = 0, 定时器Timeout时间 = 1841.99
******模拟网络环境******：发送方的数据包将在1828.96到达对方, 数据包为-->seqnum = 0, acknum = -1,checksum = 33411,payload = YYYYYYYYYYYYYYYYYYYY

******模拟网络环境******：接收方的确认包将在1838.77到达对方, 确认包为-->seqnum = -1, acknum = 0,checksum = 12851,payload = .....................
******模拟网络环境******：关闭定时器, 当前时间 = 1838.77, 定时器报文序号 = 0
******模拟网络环境******：启动定时器, 当前时间 = 1839.43, 定时器报文序号 = 1, 定时器Timeout时间 = 1859.43
******模拟网络环境******：发送方的数据包将在1841.82到达对方, 数据包为-->seqnum = 1, acknum = -1,checksum = 30840,payload = ZZZZZZZZZZZZZZZZZZZZ

******模拟网络环境******：向上递交给应用层数据：ZZZZZZZZZZZZZZZZZZZZ

******模拟网络环境******：接收方的确认包将在1844.02到达对方, 确认包为-->seqnum = -1, acknum = 1,checksum = 12850,payload = .....................
******模拟网络环境******：关闭定时器, 当前时间 = 1844.02, 定时器报文序号 = 1
******模拟网络环境******：启动定时器, 当前时间 = 1844.3, 定时器报文序号 = 0, 定时器Timeout时间 = 1864.3
******模拟网络环境******：发送方的数据包将在1850.64到达对方, 数据包为-->seqnum = 0, acknum = -1,checksum = 29556,payload = AAAAAAAAAAAAAAAAAAAA

******模拟网络环境******：向上递交给应用层数据：AAAAAAAAAAAAAAAAAAAA

******模拟网络环境******：接收方的确认包将在1859.76到达对方, 确认包为-->seqnum = -1, acknum = 0,checksum = 12851,payload = .....................
******模拟网络环境******：关闭定时器, 当前时间 = 1859.76, 定时器报文序号 = 0
******模拟网络环境******：启动定时器, 当前时间 = 1860.35, 定时器报文序号 = 1, 定时器Timeout时间 = 1880.35
******模拟网络环境******：发送方的数据包将在1864.21到达对方, 数据包为-->seqnum = 1, acknum = -1,checksum = 26985,payload = BBBBBBBBBBBBBBBBBBBB

******模拟网络环境******：向上递交给应用层数据：BBBBBBBBBBBBBBBBBBBB

******模拟网络环境******：接收方的确认包将在1867.74到达对方, 确认包为-->seqnum = -1, acknum = 1,checksum = 12850,payload = .....................
******模拟网络环境******：关闭定时器, 当前时间 = 1867.74, 定时器报文序号 = 1
******模拟网络环境******：启动定时器, 当前时间 = 1867.81, 定时器报文序号 = 0, 定时器Timeout时间 = 1887.81
******模拟网络环境******：发送方的数据包将在1878.78到达对方, 数据包为-->seqnum = 0, acknum = -1,checksum = 24416,payload = CCCCCCCCCCCCCCCCCCCC

******模拟网络环境******：向上递交给应用层数据：CCCCCCCCCCCCCCCCCCCC

******模拟网络环境******：接收方的确认包将在1886.8到达对方, 确认包为-->seqnum = -1, acknum = 0,checksum = 12851,payload = .....................
******模拟网络环境******：关闭定时器, 当前时间 = 1886.8, 定时器报文序号 = 0
******模拟网络环境******：启动定时器, 当前时间 = 1886.88, 定时器报文序号 = 1, 定时器Timeout时间 = 1906.88
******模拟网络环境******：发送方的数据包将在1894.1到达对方, 数据包为-->seqnum = 1, acknum = -1,checksum = 21845,payload = DDDDDDDDDDDDDDDDDDDD

******模拟网络环境******：向上递交给应用层数据：DDDDDDDDDDDDDDDDDDDD

******模拟网络环境******：接收方的确认包将在1898.08到达对方, 确认包为-->seqnum = -1, acknum = 1,checksum = 12850,payload = .....................
******模拟网络环境******：关闭定时器, 当前时间 = 1898.08, 定时器报文序号 = 1
******模拟网络环境******：启动定时器, 当前时间 = 1898.33, 定时器报文序号 = 0, 定时器Timeout时间 = 1918.33
******模拟网络环境******：发送方的数据包将在1908.21到达对方, 数据包为-->seqnum = 0, acknum = -1,checksum = 19276,payload = EEEEEEEEEEEEEEEEEEEE

******模拟网络环境******：向上递交给应用层数据：EEEEEEEEEEEEEEEEEEEE

******模拟网络环境******：接收方的确认包将在1911.61到达对方, 确认包为-->seqnum = -1, acknum = 0,checksum = 12851,payload = .....................
******模拟网络环境******：关闭定时器, 当前时间 = 1911.61, 定时器报文序号 = 0
******模拟网络环境******：启动定时器, 当前时间 = 1911.62, 定时器报文序号 = 1, 定时器Timeout时间 = 1931.62
******模拟网络环境******：发送方的数据包将在1915.99到达对方, 数据包为-->seqnum = 1, acknum = -1,checksum = 16705,payload = FFFFFFFFFFFFFFFFFFFF

******模拟网络环境******：向上递交给应用层数据：FFFFFFFFFFFFFFFFFFFF

******模拟网络环境******：接收方的确认包将在1922.37到达对方, 确认包为-->seqnum = -1, acknum = 1,checksum = 12850,payload = .....................
******模拟网络环境******：关闭定时器, 当前时间 = 1922.37, 定时器报文序号 = 1
******模拟网络环境******：启动定时器, 当前时间 = 1922.54, 定时器报文序号 = 0, 定时器Timeout时间 = 1942.54
******模拟网络环境******：发送方的数据包将在1928.51到达对方, 数据包为-->seqnum = 0, acknum = -1,checksum = 14136,payload = GGGGGGGGGGGGGGGGGGGG

******模拟网络环境******：向上递交给应用层数据：GGGGGGGGGGGGGGGGGGGG

******模拟网络环境******：接收方的确认包将在1929.63到达对方, 确认包为-->seqnum = -1, acknum = 0,checksum = 12851,payload = .....................
******模拟网络环境******：关闭定时器, 当前时间 = 1929.63, 定时器报文序号 = 0
******模拟网络环境******：启动定时器, 当前时间 = 1930.56, 定时器报文序号 = 1, 定时器Timeout时间 = 1950.56
******模拟网络环境******：发送方的数据包将在1939.91到达对方, 数据包为-->seqnum = 1, acknum = -1,checksum = 11565,payload = HHHHHHHHHHHHHHHHHHHH

******模拟网络环境******：向上递交给应用层数据：HHHHHHHHHHHHHHHHHHHH

******模拟网络环境******：接收方的确认包将在1942.35到达对方, 确认包为-->seqnum = -1, acknum = 1,checksum = 12850,payload = .....................
******模拟网络环境******：关闭定时器, 当前时间 = 1942.35, 定时器报文序号 = 1
******模拟网络环境******：启动定时器, 当前时间 = 1942.62, 定时器报文序号 = 0, 定时器Timeout时间 = 1962.62
******模拟网络环境******：发送方的数据包将在1947.12到达对方, 数据包为-->seqnum = 0, acknum = -1,checksum = 8996,payload = IIIIIIIIIIIIIIIIIIII

******模拟网络环境******：向上递交给应用层数据：IIIIIIIIIIIIIIIIIIII

******模拟网络环境******：接收方的确认包将在1948.6到达对方, 确认包为-->seqnum = -1, acknum = 0,checksum = 12851,payload = .....................
******模拟网络环境******：关闭定时器, 当前时间 = 1948.6, 定时器报文序号 = 0
******模拟网络环境******：启动定时器, 当前时间 = 1948.66, 定时器报文序号 = 1, 定时器Timeout时间 = 1968.66
******模拟网络环境******：发送方的数据包将在1953.11到达对方, 数据包为-->seqnum = 1, acknum = -1,checksum = 6425,payload = JJJJJJJJJJJJJJJJJJJJ

******模拟网络环境******：向上递交给应用层数据：JJJJJJJJJJJJJJJJJJJJ

******模拟网络环境******：接收方的确认包将在1954.6到达对方, 确认包为-->seqnum = -1, acknum = 1,checksum = 12850,payload = .....................
******模拟网络环境******：关闭定时器, 当前时间 = 1954.6, 定时器报文序号 = 1
******模拟网络环境******：启动定时器, 当前时间 = 1954.65, 定时器报文序号 = 0, 定时器Timeout时间 = 1974.65
******模拟网络环境******：发送方的数据包将在1959.63到达对方, 数据包为-->seqnum = 0, acknum = -1,checksum = 3856,payload = KKKKKKKKKKKKKKKKKKKK

******模拟网络环境******：向上递交给应用层数据：KKKKKKKKKKKKKKKKKKKK

******模拟网络环境******：接收方的确认包将在1966.82到达对方, 确认包为-->seqnum = -1, acknum = 0,checksum = 12851,payload = .....................
******模拟网络环境******：关闭定时器, 当前时间 = 1966.82, 定时器报文序号 = 0
******模拟网络环境******：启动定时器, 当前时间 = 1967.52, 定时器报文序号 = 1, 定时器Timeout时间 = 1987.52
******模拟网络环境******：发送方的数据包将在1976.17到达对方, 数据包为-->seqnum = 1, acknum = -1,checksum = 1285,payload = LLLLLLLLLLLLLLLLLLLL

******模拟网络环境******：向上递交给应用层数据：LLLLLLLLLLLLLLLLLLLL

******模拟网络环境******：接收方发送的确认包丢失：seqnum = -1, acknum = 1,checksum = 12850,payload = .....................
******模拟网络环境******：关闭定时器, 当前时间 = 1987.52, 定时器报文序号 = 1
******模拟网络环境******：启动定时器, 当前时间 = 1987.52, 定时器报文序号 = 1, 定时器Timeout时间 = 2007.52
******模拟网络环境******：发送方的数据包将在1993.72到达对方, 数据包为-->seqnum = 1, acknum = -1,checksum = 1285,payload = LLLLLLLLLLLLLLLLLLLL

******模拟网络环境******：接收方的确认包将在1995.08到达对方, 确认包为-->seqnum = -1, acknum = 1,checksum = 12850,payload = .....................
******模拟网络环境******：关闭定时器, 当前时间 = 1995.08, 定时器报文序号 = 1
******模拟网络环境******：启动定时器, 当前时间 = 1995.6, 定时器报文序号 = 0, 定时器Timeout时间 = 2015.6
******模拟网络环境******：发送方的数据包将在2005.43到达对方, 数据包为-->seqnum = 0, acknum = -1,checksum = 64251,payload = MMMMMMMMMMMMMMMMMMMM

******模拟网络环境******：向上递交给应用层数据：MMMMMMMMMMMMMMMMMMMM

******模拟网络环境******：接收方的确认包将在2011.78到达对方, 确认包为-->seqnum = -1, acknum = 0,checksum = 12851,payload = .....................
******模拟网络环境******：关闭定时器, 当前时间 = 2011.78, 定时器报文序号 = 0
******模拟网络环境******：启动定时器, 当前时间 = 2011.98, 定时器报文序号 = 1, 定时器Timeout时间 = 2031.98
******模拟网络环境******：发送方的数据包将在2020.63到达对方, 数据包为-->seqnum = 1, acknum = -1,checksum = 61680,payload = NNNNNNNNNNNNNNNNNNNN

******模拟网络环境******：向上递交给应用层数据：NNNNNNNNNNNNNNNNNNNN

******模拟网络环境******：接收方的确认包将在2023.85到达对方, 确认包为-->seqnum = -1, acknum = 1,checksum = 12850,payload = .....................
******模拟网络环境******：关闭定时器, 当前时间 = 2023.85, 定时器报文序号 = 1
******模拟网络环境******：启动定时器, 当前时间 = 2024.22, 定时器报文序号 = 0, 定时器Timeout时间 = 2044.22
******模拟网络环境******：发送方的数据包将在2031.36到达对方, 数据包为-->seqnum = 0, acknum = -1,checksum = 59111,payload = OOOOOOOOOOOOOOOOOOOO

******模拟网络环境******：向上递交给应用层数据：OOOOOOOOOOOOOOOOOOOO

******模拟网络环境******：接收方的确认包将在2035.4到达对方, 确认包为-->seqnum = -1, acknum = 0,checksum = 12851,payload = .....................
******模拟网络环境******：关闭定时器, 当前时间 = 2035.4, 定时器报文序号 = 0
******模拟网络环境******：启动定时器, 当前时间 = 2036.16, 定时器报文序号 = 1, 定时器Timeout时间 = 2056.16
******模拟网络环境******：网络层数据包损坏,损坏的包为-->seqnum = -999999, acknum = -1,checksum = 56540,payload = PPPPPPPPPPPPPPPPPPPP

******模拟网络环境******：发送方的数据包将在2038.65到达对方, 数据包为-->seqnum = -999999, acknum = -1,checksum = 56540,payload = PPPPPPPPPPPPPPPPPPPP

******模拟网络环境******：接收方发送的确认包丢失：seqnum = -1, acknum = 0,checksum = 12851,payload = .....................
******模拟网络环境******：关闭定时器, 当前时间 = 2056.16, 定时器报文序号 = 1
******模拟网络环境******：启动定时器, 当前时间 = 2056.16, 定时器报文序号 = 1, 定时器Timeout时间 = 2076.16
******模拟网络环境******：发送方的数据包将在2063.51到达对方, 数据包为-->seqnum = 1, acknum = -1,checksum = 56540,payload = PPPPPPPPPPPPPPPPPPPP

******模拟网络环境******：向上递交给应用层数据：PPPPPPPPPPPPPPPPPPPP

******模拟网络环境******：接收方的确认包将在2065.92到达对方, 确认包为-->seqnum = -1, acknum = 1,checksum = 12850,payload = .....................
******模拟网络环境******：关闭定时器, 当前时间 = 2065.92, 定时器报文序号 = 1
******模拟网络环境******：启动定时器, 当前时间 = 2066.12, 定时器报文序号 = 0, 定时器Timeout时间 = 2086.12
******模拟网络环境******：发送方发送的数据包丢失：seqnum = 0, acknum = -1,checksum = 53971,payload = QQQQQQQQQQQQQQQQQQQQ

******模拟网络环境******：关闭定时器, 当前时间 = 2086.12, 定时器报文序号 = 0
******模拟网络环境******：启动定时器, 当前时间 = 2086.12, 定时器报文序号 = 0, 定时器Timeout时间 = 2106.12
******模拟网络环境******：发送方的数据包将在2087.35到达对方, 数据包为-->seqnum = 0, acknum = -1,checksum = 53971,payload = QQQQQQQQQQQQQQQQQQQQ

******模拟网络环境******：向上递交给应用层数据：QQQQQQQQQQQQQQQQQQQQ

******模拟网络环境******：接收方的确认包将在2095.52到达对方, 确认包为-->seqnum = -1, acknum = 0,checksum = 12851,payload = .....................
******模拟网络环境******：关闭定时器, 当前时间 = 2095.52, 定时器报文序号 = 0
******模拟网络环境******：启动定时器, 当前时间 = 2095.57, 定时器报文序号 = 1, 定时器Timeout时间 = 2115.57
******模拟网络环境******：发送方的数据包将在2100.45到达对方, 数据包为-->seqnum = 1, acknum = -1,checksum = 51400,payload = RRRRRRRRRRRRRRRRRRRR

******模拟网络环境******：向上递交给应用层数据：RRRRRRRRRRRRRRRRRRRR

******模拟网络环境******：接收方的确认包将在2101.77到达对方, 确认包为-->seqnum = -1, acknum = 1,checksum = 12850,payload = .....................
******模拟网络环境******：关闭定时器, 当前时间 = 2101.77, 定时器报文序号 = 1
******模拟网络环境******：启动定时器, 当前时间 = 2102.38, 定时器报文序号 = 0, 定时器Timeout时间 = 2122.38
******模拟网络环境******：发送方的数据包将在2112.85到达对方, 数据包为-->seqnum = 0, acknum = -1,checksum = 48831,payload = SSSSSSSSSSSSSSSSSSSS

******模拟网络环境******：向上递交给应用层数据：SSSSSSSSSSSSSSSSSSSS

******模拟网络环境******：接收方的确认包将在2122.9到达对方, 确认包为-->seqnum = -1, acknum = 0,checksum = 12851,payload = .....................
******模拟网络环境******：关闭定时器, 当前时间 = 2122.38, 定时器报文序号 = 0
******模拟网络环境******：启动定时器, 当前时间 = 2122.38, 定时器报文序号 = 0, 定时器Timeout时间 = 2142.38
******模拟网络环境******：发送方的数据包将在2125.19到达对方, 数据包为-->seqnum = 0, acknum = -1,checksum = 48831,payload = SSSSSSSSSSSSSSSSSSSS

******模拟网络环境******：关闭定时器, 当前时间 = 2122.9, 定时器报文序号 = 0
******模拟网络环境******：接收方的确认包将在2135.61到达对方, 确认包为-->seqnum = -1, acknum = 0,checksum = 12851,payload = .....................
******模拟网络环境******：启动定时器, 当前时间 = 2135.66, 定时器报文序号 = 1, 定时器Timeout时间 = 2155.66
******模拟网络环境******：发送方的数据包将在2143.69到达对方, 数据包为-->seqnum = 1, acknum = -1,checksum = 46260,payload = TTTTTTTTTTTTTTTTTTTT

******模拟网络环境******：向上递交给应用层数据：TTTTTTTTTTTTTTTTTTTT

******模拟网络环境******：接收方的确认包将在2148.24到达对方, 确认包为-->seqnum = -1, acknum = 1,checksum = 12850,payload = .....................
******模拟网络环境******：关闭定时器, 当前时间 = 2148.24, 定时器报文序号 = 1
******模拟网络环境******：启动定时器, 当前时间 = 2149.4, 定时器报文序号 = 0, 定时器Timeout时间 = 2169.4
******模拟网络环境******：发送方发送的数据包丢失：seqnum = 0, acknum = -1,checksum = 43691,payload = UUUUUUUUUUUUUUUUUUUU

******模拟网络环境******：关闭定时器, 当前时间 = 2169.4, 定时器报文序号 = 0
******模拟网络环境******：启动定时器, 当前时间 = 2169.4, 定时器报文序号 = 0, 定时器Timeout时间 = 2189.4
******模拟网络环境******：发送方的数据包将在2177.21到达对方, 数据包为-->seqnum = 0, acknum = -1,checksum = 43691,payload = UUUUUUUUUUUUUUUUUUUU

******模拟网络环境******：向上递交给应用层数据：UUUUUUUUUUUUUUUUUUUU

******模拟网络环境******：接收方的确认包将在2185.61到达对方, 确认包为-->seqnum = -1, acknum = 0,checksum = 12851,payload = .....................
******模拟网络环境******：关闭定时器, 当前时间 = 2185.61, 定时器报文序号 = 0
******模拟网络环境******：启动定时器, 当前时间 = 2185.71, 定时器报文序号 = 1, 定时器Timeout时间 = 2205.71
******模拟网络环境******：发送方的数据包将在2196.22到达对方, 数据包为-->seqnum = 1, acknum = -1,checksum = 41120,payload = VVVVVVVVVVVVVVVVVVVV

******模拟网络环境******：向上递交给应用层数据：VVVVVVVVVVVVVVVVVVVV

******模拟网络环境******：接收方的确认包将在2203.33到达对方, 确认包为-->seqnum = -1, acknum = 1,checksum = 12850,payload = .....................
******模拟网络环境******：关闭定时器, 当前时间 = 2203.33, 定时器报文序号 = 1
******模拟网络环境******：启动定时器, 当前时间 = 2203.61, 定时器报文序号 = 0, 定时器Timeout时间 = 2223.61
******模拟网络环境******：发送方的数据包将在2210.29到达对方, 数据包为-->seqnum = 0, acknum = -1,checksum = 38551,payload = WWWWWWWWWWWWWWWWWWWW

******模拟网络环境******：向上递交给应用层数据：WWWWWWWWWWWWWWWWWWWW

******模拟网络环境******：接收方的确认包将在2212.94到达对方, 确认包为-->seqnum = -1, acknum = 0,checksum = 12851,payload = .....................
******模拟网络环境******：关闭定时器, 当前时间 = 2212.94, 定时器报文序号 = 0
******模拟网络环境******：启动定时器, 当前时间 = 2213.05, 定时器报文序号 = 1, 定时器Timeout时间 = 2233.05
******模拟网络环境******：发送方的数据包将在2223.77到达对方, 数据包为-->seqnum = 1, acknum = -1,checksum = 35980,payload = XXXXXXXXXXXXXXXXXXXX

******模拟网络环境******：向上递交给应用层数据：XXXXXXXXXXXXXXXXXXXX

******模拟网络环境******：接收方的确认包将在2233.45到达对方, 确认包为-->seqnum = -1, acknum = 1,checksum = 12850,payload = .....................
******模拟网络环境******：关闭定时器, 当前时间 = 2233.05, 定时器报文序号 = 1
******模拟网络环境******：启动定时器, 当前时间 = 2233.05, 定时器报文序号 = 1, 定时器Timeout时间 = 2253.05
******模拟网络环境******：网络层数据包损坏,损坏的包为-->seqnum = 1, acknum = -1,checksum = 35980,payload = YXXXXXXXXXXXXXXXXXXX

******模拟网络环境******：发送方的数据包将在2243.57到达对方, 数据包为-->seqnum = 1, acknum = -1,checksum = 35980,payload = YXXXXXXXXXXXXXXXXXXX

******模拟网络环境******：关闭定时器, 当前时间 = 2233.45, 定时器报文序号 = 1
******模拟网络环境******：接收方的确认包将在2251.45到达对方, 确认包为-->seqnum = -1, acknum = 1,checksum = 12850,payload = .....................
******模拟网络环境******：启动定时器, 当前时间 = 2251.76, 定时器报文序号 = 0, 定时器Timeout时间 = 2271.76
******模拟网络环境******：发送方的数据包将在2256.99到达对方, 数据包为-->seqnum = 0, acknum = -1,checksum = 33411,payload = YYYYYYYYYYYYYYYYYYYY

******模拟网络环境******：向上递交给应用层数据：YYYYYYYYYYYYYYYYYYYY

******模拟网络环境******：接收方的确认包将在2262.2到达对方, 确认包为-->seqnum = -1, acknum = 0,checksum = 12851,payload = .....................
******模拟网络环境******：关闭定时器, 当前时间 = 2262.2, 定时器报文序号 = 0
******模拟网络环境******：启动定时器, 当前时间 = 2262.22, 定时器报文序号 = 1, 定时器Timeout时间 = 2282.22
******模拟网络环境******：发送方的数据包将在2268.05到达对方, 数据包为-->seqnum = 1, acknum = -1,checksum = 30840,payload = ZZZZZZZZZZZZZZZZZZZZ

******模拟网络环境******：向上递交给应用层数据：ZZZZZZZZZZZZZZZZZZZZ

******模拟网络环境******：接收方的确认包将在2278.68到达对方, 确认包为-->seqnum = -1, acknum = 1,checksum = 12850,payload = .....................
******模拟网络环境******：关闭定时器, 当前时间 = 2278.68, 定时器报文序号 = 1
******模拟网络环境******：启动定时器, 当前时间 = 2279.02, 定时器报文序号 = 0, 定时器Timeout时间 = 2299.02
******模拟网络环境******：发送方发送的数据包丢失：seqnum = 0, acknum = -1,checksum = 29873,payload = EOF                  
******模拟网络环境******：关闭定时器, 当前时间 = 2299.02, 定时器报文序号 = 0
******模拟网络环境******：启动定时器, 当前时间 = 2299.02, 定时器报文序号 = 0, 定时器Timeout时间 = 2319.02
******模拟网络环境******：网络层数据包损坏,损坏的包为-->seqnum = 0, acknum = -1,checksum = 29873,payload = FOF                  
******模拟网络环境******：发送方的数据包将在2301.96到达对方, 数据包为-->seqnum = 0, acknum = -1,checksum = 29873,payload = FOF                  
******模拟网络环境******：接收方的确认包将在2303.49到达对方, 确认包为-->seqnum = -1, acknum = 1,checksum = 12850,payload = .....................
******模拟网络环境******：关闭定时器, 当前时间 = 2303.49, 定时器报文序号 = 0
******模拟网络环境******：启动定时器, 当前时间 = 2303.49, 定时器报文序号 = 0, 定时器Timeout时间 = 2323.49
******模拟网络环境******：发送方的数据包将在2308.55到达对方, 数据包为-->seqnum = 0, acknum = -1,checksum = 29873,payload = EOF                  
******模拟网络环境******：向上递交给应用层数据：EOF                  
******模拟网络环境******：接收方的确认包将在2315.26到达对方, 确认包为-->seqnum = -1, acknum = 0,checksum = 12851,payload = .....................
******模拟网络环境******：关闭定时器, 当前时间 = 2315.26, 定时器报文序号 = 0
******模拟网络环境******：模拟网络环境已发送应用层Message已达上限，关闭模拟网络环境
已发送应用层Message个数: 105
发送到网络层数据Packet个数: 170
网络层丢失的数据Packet个数: 16
网络层损坏的数据pakcet个数:13
发送到网络层确认Packet个数:154
网络层丢失的确认Packet个数: 14
网络层损坏的确认Packet个数: 21

